mode: set
git.infra.hisao.org/hisao/whooper/internal/analysis/alerts.go:17.60,18.25 1 0
git.infra.hisao.org/hisao/whooper/internal/analysis/alerts.go:18.25,20.3 1 0
git.infra.hisao.org/hisao/whooper/internal/analysis/alerts.go:22.2,26.39 4 0
git.infra.hisao.org/hisao/whooper/internal/analysis/alerts.go:26.39,28.3 1 0
git.infra.hisao.org/hisao/whooper/internal/analysis/alerts.go:30.2,31.36 2 0
git.infra.hisao.org/hisao/whooper/internal/analysis/alerts.go:31.36,33.3 1 0
git.infra.hisao.org/hisao/whooper/internal/analysis/alerts.go:35.2,35.88 1 0
git.infra.hisao.org/hisao/whooper/internal/analysis/alerts.go:39.98,41.37 2 1
git.infra.hisao.org/hisao/whooper/internal/analysis/alerts.go:41.37,43.40 2 1
git.infra.hisao.org/hisao/whooper/internal/analysis/alerts.go:43.40,45.4 1 1
git.infra.hisao.org/hisao/whooper/internal/analysis/alerts.go:46.3,49.5 1 1
git.infra.hisao.org/hisao/whooper/internal/analysis/alerts.go:51.2,51.34 1 1
git.infra.hisao.org/hisao/whooper/internal/analysis/alerts.go:51.34,56.3 1 1
git.infra.hisao.org/hisao/whooper/internal/analysis/alerts.go:57.2,57.15 1 1
git.infra.hisao.org/hisao/whooper/internal/analysis/correlations.go:6.49,8.27 2 1
git.infra.hisao.org/hisao/whooper/internal/analysis/correlations.go:8.27,10.3 1 1
git.infra.hisao.org/hisao/whooper/internal/analysis/correlations.go:12.2,13.25 2 1
git.infra.hisao.org/hisao/whooper/internal/analysis/correlations.go:13.25,19.3 5 1
git.infra.hisao.org/hisao/whooper/internal/analysis/correlations.go:21.2,24.14 4 1
git.infra.hisao.org/hisao/whooper/internal/analysis/correlations.go:24.14,26.3 1 1
git.infra.hisao.org/hisao/whooper/internal/analysis/correlations.go:27.2,27.18 1 1
git.infra.hisao.org/hisao/whooper/internal/analysis/summary.go:22.85,29.16 5 0
git.infra.hisao.org/hisao/whooper/internal/analysis/summary.go:29.16,31.3 1 0
git.infra.hisao.org/hisao/whooper/internal/analysis/summary.go:32.2,32.25 1 0
git.infra.hisao.org/hisao/whooper/internal/analysis/summary.go:32.25,34.32 2 0
git.infra.hisao.org/hisao/whooper/internal/analysis/summary.go:34.32,38.4 3 0
git.infra.hisao.org/hisao/whooper/internal/analysis/summary.go:39.3,42.29 4 0
git.infra.hisao.org/hisao/whooper/internal/analysis/summary.go:45.2,46.16 2 0
git.infra.hisao.org/hisao/whooper/internal/analysis/summary.go:46.16,48.3 1 0
git.infra.hisao.org/hisao/whooper/internal/analysis/summary.go:49.2,49.21 1 0
git.infra.hisao.org/hisao/whooper/internal/analysis/summary.go:49.21,51.28 2 0
git.infra.hisao.org/hisao/whooper/internal/analysis/summary.go:51.28,54.4 2 0
git.infra.hisao.org/hisao/whooper/internal/analysis/summary.go:55.3,57.37 3 0
git.infra.hisao.org/hisao/whooper/internal/analysis/summary.go:60.2,61.16 2 0
git.infra.hisao.org/hisao/whooper/internal/analysis/summary.go:61.16,63.3 1 0
git.infra.hisao.org/hisao/whooper/internal/analysis/summary.go:64.2,64.28 1 0
git.infra.hisao.org/hisao/whooper/internal/analysis/summary.go:64.28,66.3 1 0
git.infra.hisao.org/hisao/whooper/internal/analysis/summary.go:68.2,69.16 2 0
git.infra.hisao.org/hisao/whooper/internal/analysis/summary.go:69.16,71.3 1 0
git.infra.hisao.org/hisao/whooper/internal/analysis/summary.go:72.2,73.23 2 0
git.infra.hisao.org/hisao/whooper/internal/analysis/summary.go:73.23,75.30 2 0
git.infra.hisao.org/hisao/whooper/internal/analysis/summary.go:75.30,76.22 1 0
git.infra.hisao.org/hisao/whooper/internal/analysis/summary.go:76.22,78.5 1 0
git.infra.hisao.org/hisao/whooper/internal/analysis/summary.go:80.3,80.63 1 0
git.infra.hisao.org/hisao/whooper/internal/analysis/summary.go:83.2,83.20 1 0
git.infra.hisao.org/hisao/whooper/internal/analysis/trends.go:4.58,5.35 1 1
git.infra.hisao.org/hisao/whooper/internal/analysis/trends.go:5.35,7.3 1 1
git.infra.hisao.org/hisao/whooper/internal/analysis/trends.go:8.2,10.25 3 1
git.infra.hisao.org/hisao/whooper/internal/analysis/trends.go:10.25,12.18 2 1
git.infra.hisao.org/hisao/whooper/internal/analysis/trends.go:12.18,14.4 1 1
git.infra.hisao.org/hisao/whooper/internal/analysis/trends.go:15.3,16.14 2 1
git.infra.hisao.org/hisao/whooper/internal/analysis/trends.go:16.14,18.4 1 1
git.infra.hisao.org/hisao/whooper/internal/analysis/trends.go:19.3,19.31 1 1
git.infra.hisao.org/hisao/whooper/internal/analysis/trends.go:21.2,21.15 1 1
git.infra.hisao.org/hisao/whooper/internal/analysis/trends.go:25.46,26.19 1 1
git.infra.hisao.org/hisao/whooper/internal/analysis/trends.go:26.19,28.3 1 1
git.infra.hisao.org/hisao/whooper/internal/analysis/trends.go:29.2,30.33 2 1
git.infra.hisao.org/hisao/whooper/internal/analysis/trends.go:30.33,31.21 1 1
git.infra.hisao.org/hisao/whooper/internal/analysis/trends.go:31.21,33.4 1 1
git.infra.hisao.org/hisao/whooper/internal/analysis/trends.go:33.9,35.4 1 1
git.infra.hisao.org/hisao/whooper/internal/analysis/trends.go:37.2,37.15 1 1
git.infra.hisao.org/hisao/whooper/internal/api/client.go:20.56,27.64 1 0
git.infra.hisao.org/hisao/whooper/internal/api/client.go:27.64,28.18 1 0
git.infra.hisao.org/hisao/whooper/internal/api/client.go:28.18,30.5 1 0
git.infra.hisao.org/hisao/whooper/internal/api/client.go:31.4,35.34 2 0
git.infra.hisao.org/hisao/whooper/internal/api/client.go:37.84,38.55 1 0
git.infra.hisao.org/hisao/whooper/internal/api/client.go:38.55,39.73 1 0
git.infra.hisao.org/hisao/whooper/internal/api/client.go:39.73,40.59 1 0
git.infra.hisao.org/hisao/whooper/internal/api/client.go:40.59,41.35 1 0
git.infra.hisao.org/hisao/whooper/internal/api/client.go:41.35,43.8 1 0
git.infra.hisao.org/hisao/whooper/internal/api/client.go:44.7,44.52 1 0
git.infra.hisao.org/hisao/whooper/internal/api/client.go:48.4,48.17 1 0
git.infra.hisao.org/hisao/whooper/internal/api/client.go:50.67,52.18 2 0
git.infra.hisao.org/hisao/whooper/internal/api/client.go:52.18,54.5 1 0
git.infra.hisao.org/hisao/whooper/internal/api/client.go:55.4,56.14 2 0
git.infra.hisao.org/hisao/whooper/internal/api/client.go:58.2,58.22 1 0
git.infra.hisao.org/hisao/whooper/internal/api/cycle.go:5.71,7.17 2 1
git.infra.hisao.org/hisao/whooper/internal/api/cycle.go:7.17,9.3 1 1
git.infra.hisao.org/hisao/whooper/internal/api/cycle.go:10.2,10.15 1 1
git.infra.hisao.org/hisao/whooper/internal/api/cycle.go:10.15,12.3 1 1
git.infra.hisao.org/hisao/whooper/internal/api/cycle.go:13.2,13.55 1 1
git.infra.hisao.org/hisao/whooper/internal/api/pagination.go:17.89,21.41 3 1
git.infra.hisao.org/hisao/whooper/internal/api/pagination.go:21.41,23.22 2 1
git.infra.hisao.org/hisao/whooper/internal/api/pagination.go:23.22,25.4 1 1
git.infra.hisao.org/hisao/whooper/internal/api/pagination.go:27.3,28.17 2 1
git.infra.hisao.org/hisao/whooper/internal/api/pagination.go:28.17,30.4 1 0
git.infra.hisao.org/hisao/whooper/internal/api/pagination.go:31.3,31.41 1 1
git.infra.hisao.org/hisao/whooper/internal/api/pagination.go:31.41,33.4 1 1
git.infra.hisao.org/hisao/whooper/internal/api/pagination.go:35.3,36.58 2 1
git.infra.hisao.org/hisao/whooper/internal/api/pagination.go:36.58,38.4 1 0
git.infra.hisao.org/hisao/whooper/internal/api/pagination.go:40.3,41.54 2 1
git.infra.hisao.org/hisao/whooper/internal/api/pagination.go:41.54,42.9 1 1
git.infra.hisao.org/hisao/whooper/internal/api/pagination.go:44.3,44.27 1 1
git.infra.hisao.org/hisao/whooper/internal/api/pagination.go:46.2,46.17 1 1
git.infra.hisao.org/hisao/whooper/internal/api/profile.go:11.56,13.16 2 1
git.infra.hisao.org/hisao/whooper/internal/api/profile.go:13.16,15.3 1 0
git.infra.hisao.org/hisao/whooper/internal/api/profile.go:16.2,16.40 1 1
git.infra.hisao.org/hisao/whooper/internal/api/profile.go:16.40,18.3 1 1
git.infra.hisao.org/hisao/whooper/internal/api/profile.go:19.2,20.56 2 1
git.infra.hisao.org/hisao/whooper/internal/api/profile.go:20.56,22.3 1 0
git.infra.hisao.org/hisao/whooper/internal/api/profile.go:23.2,23.16 1 1
git.infra.hisao.org/hisao/whooper/internal/api/recovery.go:5.78,7.17 2 1
git.infra.hisao.org/hisao/whooper/internal/api/recovery.go:7.17,9.3 1 0
git.infra.hisao.org/hisao/whooper/internal/api/recovery.go:10.2,10.15 1 1
git.infra.hisao.org/hisao/whooper/internal/api/recovery.go:10.15,12.3 1 0
git.infra.hisao.org/hisao/whooper/internal/api/recovery.go:13.2,13.61 1 1
git.infra.hisao.org/hisao/whooper/internal/api/sleep.go:5.71,7.17 2 1
git.infra.hisao.org/hisao/whooper/internal/api/sleep.go:7.17,9.3 1 0
git.infra.hisao.org/hisao/whooper/internal/api/sleep.go:10.2,10.15 1 1
git.infra.hisao.org/hisao/whooper/internal/api/sleep.go:10.15,12.3 1 0
git.infra.hisao.org/hisao/whooper/internal/api/sleep.go:13.2,13.64 1 1
git.infra.hisao.org/hisao/whooper/internal/api/workout.go:5.75,7.17 2 1
git.infra.hisao.org/hisao/whooper/internal/api/workout.go:7.17,9.3 1 0
git.infra.hisao.org/hisao/whooper/internal/api/workout.go:10.2,10.15 1 1
git.infra.hisao.org/hisao/whooper/internal/api/workout.go:10.15,12.3 1 0
git.infra.hisao.org/hisao/whooper/internal/api/workout.go:13.2,13.68 1 1
git.infra.hisao.org/hisao/whooper/internal/config/config.go:23.29,26.2 2 1
git.infra.hisao.org/hisao/whooper/internal/config/config.go:28.19,30.2 1 1
git.infra.hisao.org/hisao/whooper/internal/config/config.go:32.30,34.2 1 1
git.infra.hisao.org/hisao/whooper/internal/config/config.go:36.20,38.2 1 1
git.infra.hisao.org/hisao/whooper/internal/config/config.go:40.22,42.2 1 1
git.infra.hisao.org/hisao/whooper/internal/config/config.go:44.25,46.2 1 1
git.infra.hisao.org/hisao/whooper/internal/config/config.go:53.30,63.16 3 1
git.infra.hisao.org/hisao/whooper/internal/config/config.go:63.16,64.25 1 1
git.infra.hisao.org/hisao/whooper/internal/config/config.go:64.25,66.4 1 1
git.infra.hisao.org/hisao/whooper/internal/config/config.go:67.3,67.18 1 0
git.infra.hisao.org/hisao/whooper/internal/config/config.go:69.2,69.50 1 1
git.infra.hisao.org/hisao/whooper/internal/config/config.go:69.50,71.3 1 0
git.infra.hisao.org/hisao/whooper/internal/config/config.go:72.2,72.27 1 1
git.infra.hisao.org/hisao/whooper/internal/config/config.go:72.27,74.3 1 0
git.infra.hisao.org/hisao/whooper/internal/config/config.go:75.2,75.17 1 1
git.infra.hisao.org/hisao/whooper/internal/config/config.go:78.30,79.50 1 1
git.infra.hisao.org/hisao/whooper/internal/config/config.go:79.50,81.3 1 0
git.infra.hisao.org/hisao/whooper/internal/config/config.go:82.2,83.16 2 1
git.infra.hisao.org/hisao/whooper/internal/config/config.go:83.16,85.3 1 0
git.infra.hisao.org/hisao/whooper/internal/config/config.go:86.2,86.42 1 1
git.infra.hisao.org/hisao/whooper/internal/auth/oauth.go:13.53,28.2 1 1
git.infra.hisao.org/hisao/whooper/internal/auth/server.go:25.67,27.16 2 0
git.infra.hisao.org/hisao/whooper/internal/auth/server.go:27.16,29.3 1 0
git.infra.hisao.org/hisao/whooper/internal/auth/server.go:31.2,46.75 6 0
git.infra.hisao.org/hisao/whooper/internal/auth/server.go:46.75,47.42 1 0
git.infra.hisao.org/hisao/whooper/internal/auth/server.go:47.42,51.4 3 0
git.infra.hisao.org/hisao/whooper/internal/auth/server.go:53.3,54.17 2 0
git.infra.hisao.org/hisao/whooper/internal/auth/server.go:54.17,58.4 3 0
git.infra.hisao.org/hisao/whooper/internal/auth/server.go:60.3,61.17 2 0
git.infra.hisao.org/hisao/whooper/internal/auth/server.go:61.17,65.4 3 0
git.infra.hisao.org/hisao/whooper/internal/auth/server.go:67.3,68.29 2 0
git.infra.hisao.org/hisao/whooper/internal/auth/server.go:72.2,72.12 1 0
git.infra.hisao.org/hisao/whooper/internal/auth/server.go:72.12,73.87 1 0
git.infra.hisao.org/hisao/whooper/internal/auth/server.go:73.87,75.4 1 0
git.infra.hisao.org/hisao/whooper/internal/auth/server.go:79.2,81.45 3 0
git.infra.hisao.org/hisao/whooper/internal/auth/server.go:81.45,83.3 1 0
git.infra.hisao.org/hisao/whooper/internal/auth/server.go:86.2,87.9 2 0
git.infra.hisao.org/hisao/whooper/internal/auth/server.go:88.18,88.18 0 0
git.infra.hisao.org/hisao/whooper/internal/auth/server.go:89.38,90.75 1 0
git.infra.hisao.org/hisao/whooper/internal/auth/server.go:94.2,94.59 1 0
git.infra.hisao.org/hisao/whooper/internal/auth/server.go:94.59,96.3 1 0
git.infra.hisao.org/hisao/whooper/internal/auth/server.go:98.2,98.27 1 0
git.infra.hisao.org/hisao/whooper/internal/auth/server.go:101.36,103.40 2 0
git.infra.hisao.org/hisao/whooper/internal/auth/server.go:103.40,105.3 1 0
git.infra.hisao.org/hisao/whooper/internal/auth/server.go:106.2,106.35 1 0
git.infra.hisao.org/hisao/whooper/internal/auth/server.go:109.36,111.22 2 0
git.infra.hisao.org/hisao/whooper/internal/auth/server.go:112.15,113.38 1 0
git.infra.hisao.org/hisao/whooper/internal/auth/server.go:114.16,115.34 1 0
git.infra.hisao.org/hisao/whooper/internal/auth/server.go:116.17,117.69 1 0
git.infra.hisao.org/hisao/whooper/internal/auth/server.go:118.10,119.62 1 0
git.infra.hisao.org/hisao/whooper/internal/auth/server.go:121.2,121.20 1 0
git.infra.hisao.org/hisao/whooper/internal/auth/token.go:12.56,14.16 2 1
git.infra.hisao.org/hisao/whooper/internal/auth/token.go:14.16,16.3 1 0
git.infra.hisao.org/hisao/whooper/internal/auth/token.go:17.2,17.40 1 1
git.infra.hisao.org/hisao/whooper/internal/auth/token.go:21.52,23.16 2 1
git.infra.hisao.org/hisao/whooper/internal/auth/token.go:23.16,25.3 1 1
git.infra.hisao.org/hisao/whooper/internal/auth/token.go:26.2,27.53 2 1
git.infra.hisao.org/hisao/whooper/internal/auth/token.go:27.53,29.3 1 0
git.infra.hisao.org/hisao/whooper/internal/auth/token.go:30.2,30.20 1 1
git.infra.hisao.org/hisao/whooper/internal/auth/token.go:44.84,46.2 1 1
git.infra.hisao.org/hisao/whooper/internal/auth/token.go:48.64,53.16 4 1
git.infra.hisao.org/hisao/whooper/internal/auth/token.go:53.16,55.3 1 1
git.infra.hisao.org/hisao/whooper/internal/auth/token.go:58.2,58.39 1 1
git.infra.hisao.org/hisao/whooper/internal/auth/token.go:58.39,60.50 2 1
git.infra.hisao.org/hisao/whooper/internal/auth/token.go:60.50,62.4 1 0
git.infra.hisao.org/hisao/whooper/internal/auth/token.go:64.2,64.19 1 1
git.infra.hisao.org/hisao/whooper/internal/sync/syncer.go:20.77,22.2 1 1
git.infra.hisao.org/hisao/whooper/internal/sync/syncer.go:24.53,25.25 1 1
git.infra.hisao.org/hisao/whooper/internal/sync/syncer.go:25.25,27.3 1 1
git.infra.hisao.org/hisao/whooper/internal/sync/syncer.go:32.34,34.2 1 0
git.infra.hisao.org/hisao/whooper/internal/sync/syncer.go:39.47,40.40 1 0
git.infra.hisao.org/hisao/whooper/internal/sync/syncer.go:40.40,42.3 1 0
git.infra.hisao.org/hisao/whooper/internal/sync/syncer.go:44.2,44.15 1 0
git.infra.hisao.org/hisao/whooper/internal/sync/syncer.go:45.14,46.13 1 0
git.infra.hisao.org/hisao/whooper/internal/sync/syncer.go:47.10,48.27 1 0
git.infra.hisao.org/hisao/whooper/internal/sync/syncer.go:51.2,60.57 5 0
git.infra.hisao.org/hisao/whooper/internal/sync/syncer.go:60.57,62.13 2 0
git.infra.hisao.org/hisao/whooper/internal/sync/syncer.go:62.13,64.36 2 0
git.infra.hisao.org/hisao/whooper/internal/sync/syncer.go:64.36,68.5 3 0
git.infra.hisao.org/hisao/whooper/internal/sync/syncer.go:72.2,79.19 6 0
git.infra.hisao.org/hisao/whooper/internal/sync/syncer.go:79.19,81.26 2 0
git.infra.hisao.org/hisao/whooper/internal/sync/syncer.go:81.26,83.4 1 0
git.infra.hisao.org/hisao/whooper/internal/sync/syncer.go:84.3,84.31 1 0
git.infra.hisao.org/hisao/whooper/internal/sync/syncer.go:87.2,88.80 2 0
git.infra.hisao.org/hisao/whooper/internal/sync/syncer.go:88.80,89.56 1 0
git.infra.hisao.org/hisao/whooper/internal/sync/syncer.go:89.56,91.4 1 0
git.infra.hisao.org/hisao/whooper/internal/sync/syncer.go:93.2,93.12 1 0
git.infra.hisao.org/hisao/whooper/internal/sync/syncer.go:96.40,98.2 1 0
git.infra.hisao.org/hisao/whooper/internal/sync/syncer.go:100.91,101.15 1 1
git.infra.hisao.org/hisao/whooper/internal/sync/syncer.go:101.15,103.3 1 1
git.infra.hisao.org/hisao/whooper/internal/sync/syncer.go:104.2,105.30 2 1
git.infra.hisao.org/hisao/whooper/internal/sync/syncer.go:105.30,107.3 1 1
git.infra.hisao.org/hisao/whooper/internal/sync/syncer.go:108.2,109.16 2 1
git.infra.hisao.org/hisao/whooper/internal/sync/syncer.go:109.16,111.3 1 1
git.infra.hisao.org/hisao/whooper/internal/sync/syncer.go:112.2,112.52 1 1
git.infra.hisao.org/hisao/whooper/internal/sync/syncer.go:115.41,117.2 1 1
git.infra.hisao.org/hisao/whooper/internal/sync/syncer.go:121.38,123.16 2 0
git.infra.hisao.org/hisao/whooper/internal/sync/syncer.go:123.16,125.3 1 0
git.infra.hisao.org/hisao/whooper/internal/sync/syncer.go:126.2,127.29 2 0
git.infra.hisao.org/hisao/whooper/internal/sync/syncer.go:130.49,132.16 2 0
git.infra.hisao.org/hisao/whooper/internal/sync/syncer.go:132.16,134.3 1 0
git.infra.hisao.org/hisao/whooper/internal/sync/syncer.go:135.2,136.32 2 0
git.infra.hisao.org/hisao/whooper/internal/sync/syncer.go:139.53,141.16 2 0
git.infra.hisao.org/hisao/whooper/internal/sync/syncer.go:141.16,143.3 1 0
git.infra.hisao.org/hisao/whooper/internal/sync/syncer.go:144.2,145.40 2 0
git.infra.hisao.org/hisao/whooper/internal/sync/syncer.go:148.49,150.16 2 0
git.infra.hisao.org/hisao/whooper/internal/sync/syncer.go:150.16,152.3 1 0
git.infra.hisao.org/hisao/whooper/internal/sync/syncer.go:153.2,154.32 2 0
git.infra.hisao.org/hisao/whooper/internal/sync/syncer.go:157.51,159.16 2 0
git.infra.hisao.org/hisao/whooper/internal/sync/syncer.go:159.16,161.3 1 0
git.infra.hisao.org/hisao/whooper/internal/sync/syncer.go:162.2,163.36 2 0
git.infra.hisao.org/hisao/whooper/internal/store/cycle.go:7.55,9.16 2 1
git.infra.hisao.org/hisao/whooper/internal/store/cycle.go:9.16,11.3 1 0
git.infra.hisao.org/hisao/whooper/internal/store/cycle.go:12.2,18.16 3 1
git.infra.hisao.org/hisao/whooper/internal/store/cycle.go:18.16,20.3 1 0
git.infra.hisao.org/hisao/whooper/internal/store/cycle.go:21.2,23.27 2 1
git.infra.hisao.org/hisao/whooper/internal/store/cycle.go:23.27,26.21 3 1
git.infra.hisao.org/hisao/whooper/internal/store/cycle.go:26.21,31.4 4 1
git.infra.hisao.org/hisao/whooper/internal/store/cycle.go:32.3,35.17 1 1
git.infra.hisao.org/hisao/whooper/internal/store/cycle.go:35.17,37.4 1 0
git.infra.hisao.org/hisao/whooper/internal/store/cycle.go:39.2,39.20 1 1
git.infra.hisao.org/hisao/whooper/internal/store/cycle.go:42.67,47.16 3 1
git.infra.hisao.org/hisao/whooper/internal/store/cycle.go:47.16,50.3 2 1
git.infra.hisao.org/hisao/whooper/internal/store/cycle.go:51.2,51.14 1 1
git.infra.hisao.org/hisao/whooper/internal/store/cycle.go:51.14,54.3 2 1
git.infra.hisao.org/hisao/whooper/internal/store/cycle.go:55.2,58.16 3 1
git.infra.hisao.org/hisao/whooper/internal/store/cycle.go:58.16,60.3 1 0
git.infra.hisao.org/hisao/whooper/internal/store/cycle.go:61.2,64.18 3 1
git.infra.hisao.org/hisao/whooper/internal/store/cycle.go:64.18,71.17 4 1
git.infra.hisao.org/hisao/whooper/internal/store/cycle.go:71.17,73.4 1 0
git.infra.hisao.org/hisao/whooper/internal/store/cycle.go:74.3,80.29 2 1
git.infra.hisao.org/hisao/whooper/internal/store/cycle.go:82.2,82.27 1 1
git.infra.hisao.org/hisao/whooper/internal/store/db.go:13.37,15.16 2 1
git.infra.hisao.org/hisao/whooper/internal/store/db.go:15.16,17.3 1 0
git.infra.hisao.org/hisao/whooper/internal/store/db.go:18.2,18.34 1 1
git.infra.hisao.org/hisao/whooper/internal/store/db.go:18.34,21.3 2 1
git.infra.hisao.org/hisao/whooper/internal/store/db.go:22.2,23.40 2 1
git.infra.hisao.org/hisao/whooper/internal/store/db.go:23.40,26.3 2 0
git.infra.hisao.org/hisao/whooper/internal/store/db.go:27.2,27.19 1 1
git.infra.hisao.org/hisao/whooper/internal/store/migrations.go:122.31,126.18 1 1
git.infra.hisao.org/hisao/whooper/internal/store/migrations.go:126.18,128.3 1 0
git.infra.hisao.org/hisao/whooper/internal/store/migrations.go:130.2,133.31 3 1
git.infra.hisao.org/hisao/whooper/internal/store/migrations.go:133.31,134.34 1 1
git.infra.hisao.org/hisao/whooper/internal/store/migrations.go:134.34,135.12 1 0
git.infra.hisao.org/hisao/whooper/internal/store/migrations.go:137.3,137.37 1 1
git.infra.hisao.org/hisao/whooper/internal/store/migrations.go:137.37,138.43 1 1
git.infra.hisao.org/hisao/whooper/internal/store/migrations.go:138.43,140.5 1 0
git.infra.hisao.org/hisao/whooper/internal/store/migrations.go:142.3,142.98 1 1
git.infra.hisao.org/hisao/whooper/internal/store/migrations.go:142.98,144.4 1 0
git.infra.hisao.org/hisao/whooper/internal/store/migrations.go:146.2,146.12 1 1
git.infra.hisao.org/hisao/whooper/internal/store/profile.go:10.51,16.2 2 1
git.infra.hisao.org/hisao/whooper/internal/store/profile.go:18.52,22.26 3 1
git.infra.hisao.org/hisao/whooper/internal/store/profile.go:22.26,24.3 1 0
git.infra.hisao.org/hisao/whooper/internal/store/profile.go:25.2,25.15 1 1
git.infra.hisao.org/hisao/whooper/internal/store/queries.go:39.79,44.16 3 1
git.infra.hisao.org/hisao/whooper/internal/store/queries.go:44.16,47.3 2 1
git.infra.hisao.org/hisao/whooper/internal/store/queries.go:48.2,48.14 1 1
git.infra.hisao.org/hisao/whooper/internal/store/queries.go:48.14,51.3 2 1
git.infra.hisao.org/hisao/whooper/internal/store/queries.go:52.2,55.16 3 1
git.infra.hisao.org/hisao/whooper/internal/store/queries.go:55.16,57.3 1 0
git.infra.hisao.org/hisao/whooper/internal/store/queries.go:58.2,61.18 3 1
git.infra.hisao.org/hisao/whooper/internal/store/queries.go:61.18,63.78 2 1
git.infra.hisao.org/hisao/whooper/internal/store/queries.go:63.78,65.4 1 0
git.infra.hisao.org/hisao/whooper/internal/store/queries.go:66.3,66.29 1 1
git.infra.hisao.org/hisao/whooper/internal/store/queries.go:68.2,68.27 1 1
git.infra.hisao.org/hisao/whooper/internal/store/queries.go:71.73,78.16 3 0
git.infra.hisao.org/hisao/whooper/internal/store/queries.go:78.16,81.3 2 0
git.infra.hisao.org/hisao/whooper/internal/store/queries.go:82.2,82.14 1 0
git.infra.hisao.org/hisao/whooper/internal/store/queries.go:82.14,85.3 2 0
git.infra.hisao.org/hisao/whooper/internal/store/queries.go:86.2,89.16 3 0
git.infra.hisao.org/hisao/whooper/internal/store/queries.go:89.16,91.3 1 0
git.infra.hisao.org/hisao/whooper/internal/store/queries.go:92.2,95.18 3 0
git.infra.hisao.org/hisao/whooper/internal/store/queries.go:95.18,97.118 2 0
git.infra.hisao.org/hisao/whooper/internal/store/queries.go:97.118,99.4 1 0
git.infra.hisao.org/hisao/whooper/internal/store/queries.go:100.3,100.29 1 0
git.infra.hisao.org/hisao/whooper/internal/store/queries.go:102.2,102.27 1 0
git.infra.hisao.org/hisao/whooper/internal/store/queries.go:105.75,110.16 3 1
git.infra.hisao.org/hisao/whooper/internal/store/queries.go:110.16,113.3 2 1
git.infra.hisao.org/hisao/whooper/internal/store/queries.go:114.2,114.14 1 1
git.infra.hisao.org/hisao/whooper/internal/store/queries.go:114.14,117.3 2 1
git.infra.hisao.org/hisao/whooper/internal/store/queries.go:118.2,121.16 3 1
git.infra.hisao.org/hisao/whooper/internal/store/queries.go:121.16,123.3 1 0
git.infra.hisao.org/hisao/whooper/internal/store/queries.go:124.2,127.18 3 1
git.infra.hisao.org/hisao/whooper/internal/store/queries.go:127.18,129.86 2 1
git.infra.hisao.org/hisao/whooper/internal/store/queries.go:129.86,131.4 1 0
git.infra.hisao.org/hisao/whooper/internal/store/queries.go:132.3,132.29 1 1
git.infra.hisao.org/hisao/whooper/internal/store/queries.go:134.2,134.27 1 1
git.infra.hisao.org/hisao/whooper/internal/store/queries.go:137.87,139.16 2 1
git.infra.hisao.org/hisao/whooper/internal/store/queries.go:139.16,141.3 1 0
git.infra.hisao.org/hisao/whooper/internal/store/queries.go:142.2,143.16 2 1
git.infra.hisao.org/hisao/whooper/internal/store/queries.go:143.16,145.3 1 0
git.infra.hisao.org/hisao/whooper/internal/store/queries.go:147.2,148.22 2 1
git.infra.hisao.org/hisao/whooper/internal/store/queries.go:148.22,151.3 1 1
git.infra.hisao.org/hisao/whooper/internal/store/queries.go:151.8,161.3 1 0
git.infra.hisao.org/hisao/whooper/internal/store/queries.go:163.2,164.16 2 1
git.infra.hisao.org/hisao/whooper/internal/store/queries.go:164.16,166.3 1 0
git.infra.hisao.org/hisao/whooper/internal/store/queries.go:167.2,170.18 3 1
git.infra.hisao.org/hisao/whooper/internal/store/queries.go:170.18,172.47 2 1
git.infra.hisao.org/hisao/whooper/internal/store/queries.go:172.47,174.4 1 0
git.infra.hisao.org/hisao/whooper/internal/store/queries.go:175.3,175.29 1 1
git.infra.hisao.org/hisao/whooper/internal/store/queries.go:177.2,177.27 1 1
git.infra.hisao.org/hisao/whooper/internal/store/queries.go:180.68,181.16 1 1
git.infra.hisao.org/hisao/whooper/internal/store/queries.go:182.18,183.43 1 1
git.infra.hisao.org/hisao/whooper/internal/store/queries.go:184.13,185.38 1 1
git.infra.hisao.org/hisao/whooper/internal/store/queries.go:186.13,187.47 1 1
git.infra.hisao.org/hisao/whooper/internal/store/queries.go:188.16,189.32 1 1
git.infra.hisao.org/hisao/whooper/internal/store/queries.go:190.24,191.76 1 1
git.infra.hisao.org/hisao/whooper/internal/store/queries.go:192.26,193.46 1 1
git.infra.hisao.org/hisao/whooper/internal/store/queries.go:194.10,195.58 1 1
git.infra.hisao.org/hisao/whooper/internal/store/queries.go:199.38,200.15 1 1
git.infra.hisao.org/hisao/whooper/internal/store/queries.go:201.18,202.22 1 1
git.infra.hisao.org/hisao/whooper/internal/store/queries.go:203.10,204.17 1 1
git.infra.hisao.org/hisao/whooper/internal/store/queries.go:208.59,212.26 3 1
git.infra.hisao.org/hisao/whooper/internal/store/queries.go:212.26,214.3 1 1
git.infra.hisao.org/hisao/whooper/internal/store/queries.go:215.2,215.24 1 1
git.infra.hisao.org/hisao/whooper/internal/store/queries.go:218.61,222.2 2 1
git.infra.hisao.org/hisao/whooper/internal/store/recovery.go:7.66,9.16 2 1
git.infra.hisao.org/hisao/whooper/internal/store/recovery.go:9.16,11.3 1 0
git.infra.hisao.org/hisao/whooper/internal/store/recovery.go:12.2,19.16 3 1
git.infra.hisao.org/hisao/whooper/internal/store/recovery.go:19.16,21.3 1 0
git.infra.hisao.org/hisao/whooper/internal/store/recovery.go:22.2,24.31 2 1
git.infra.hisao.org/hisao/whooper/internal/store/recovery.go:24.31,27.21 3 1
git.infra.hisao.org/hisao/whooper/internal/store/recovery.go:27.21,34.4 6 1
git.infra.hisao.org/hisao/whooper/internal/store/recovery.go:35.3,38.17 1 1
git.infra.hisao.org/hisao/whooper/internal/store/recovery.go:38.17,40.4 1 0
git.infra.hisao.org/hisao/whooper/internal/store/recovery.go:42.2,42.20 1 1
git.infra.hisao.org/hisao/whooper/internal/store/recovery.go:45.74,51.16 3 1
git.infra.hisao.org/hisao/whooper/internal/store/recovery.go:51.16,54.3 2 1
git.infra.hisao.org/hisao/whooper/internal/store/recovery.go:55.2,55.14 1 1
git.infra.hisao.org/hisao/whooper/internal/store/recovery.go:55.14,58.3 2 1
git.infra.hisao.org/hisao/whooper/internal/store/recovery.go:59.2,62.16 3 1
git.infra.hisao.org/hisao/whooper/internal/store/recovery.go:62.16,64.3 1 0
git.infra.hisao.org/hisao/whooper/internal/store/recovery.go:65.2,68.18 3 1
git.infra.hisao.org/hisao/whooper/internal/store/recovery.go:68.18,75.17 4 1
git.infra.hisao.org/hisao/whooper/internal/store/recovery.go:75.17,77.4 1 0
git.infra.hisao.org/hisao/whooper/internal/store/recovery.go:78.3,86.37 2 1
git.infra.hisao.org/hisao/whooper/internal/store/recovery.go:88.2,88.31 1 1
git.infra.hisao.org/hisao/whooper/internal/store/sleep.go:7.55,9.16 2 1
git.infra.hisao.org/hisao/whooper/internal/store/sleep.go:9.16,11.3 1 0
git.infra.hisao.org/hisao/whooper/internal/store/sleep.go:12.2,23.16 3 1
git.infra.hisao.org/hisao/whooper/internal/store/sleep.go:23.16,25.3 1 0
git.infra.hisao.org/hisao/whooper/internal/store/sleep.go:26.2,28.27 2 1
git.infra.hisao.org/hisao/whooper/internal/store/sleep.go:28.27,32.21 4 1
git.infra.hisao.org/hisao/whooper/internal/store/sleep.go:32.21,39.4 6 1
git.infra.hisao.org/hisao/whooper/internal/store/sleep.go:40.3,48.17 1 1
git.infra.hisao.org/hisao/whooper/internal/store/sleep.go:48.17,50.4 1 0
git.infra.hisao.org/hisao/whooper/internal/store/sleep.go:52.2,52.20 1 1
git.infra.hisao.org/hisao/whooper/internal/store/sleep.go:55.85,66.16 3 1
git.infra.hisao.org/hisao/whooper/internal/store/sleep.go:66.16,69.3 2 1
git.infra.hisao.org/hisao/whooper/internal/store/sleep.go:70.2,70.14 1 1
git.infra.hisao.org/hisao/whooper/internal/store/sleep.go:70.14,73.3 2 1
git.infra.hisao.org/hisao/whooper/internal/store/sleep.go:74.2,74.17 1 1
git.infra.hisao.org/hisao/whooper/internal/store/sleep.go:74.17,76.3 1 1
git.infra.hisao.org/hisao/whooper/internal/store/sleep.go:77.2,80.16 3 1
git.infra.hisao.org/hisao/whooper/internal/store/sleep.go:80.16,82.3 1 0
git.infra.hisao.org/hisao/whooper/internal/store/sleep.go:83.2,86.18 3 1
git.infra.hisao.org/hisao/whooper/internal/store/sleep.go:86.18,99.17 5 1
git.infra.hisao.org/hisao/whooper/internal/store/sleep.go:99.17,101.4 1 0
git.infra.hisao.org/hisao/whooper/internal/store/sleep.go:102.3,110.29 2 1
git.infra.hisao.org/hisao/whooper/internal/store/sleep.go:112.2,112.27 1 1
git.infra.hisao.org/hisao/whooper/internal/store/workout.go:7.61,9.16 2 1
git.infra.hisao.org/hisao/whooper/internal/store/workout.go:9.16,11.3 1 0
git.infra.hisao.org/hisao/whooper/internal/store/workout.go:12.2,21.16 3 1
git.infra.hisao.org/hisao/whooper/internal/store/workout.go:21.16,23.3 1 0
git.infra.hisao.org/hisao/whooper/internal/store/workout.go:24.2,26.29 2 1
git.infra.hisao.org/hisao/whooper/internal/store/workout.go:26.29,30.21 4 1
git.infra.hisao.org/hisao/whooper/internal/store/workout.go:30.21,39.35 9 1
git.infra.hisao.org/hisao/whooper/internal/store/workout.go:39.35,46.5 6 1
git.infra.hisao.org/hisao/whooper/internal/store/workout.go:48.3,53.17 1 1
git.infra.hisao.org/hisao/whooper/internal/store/workout.go:53.17,55.4 1 0
git.infra.hisao.org/hisao/whooper/internal/store/workout.go:57.2,57.20 1 1
git.infra.hisao.org/hisao/whooper/internal/store/workout.go:60.71,69.16 3 1
git.infra.hisao.org/hisao/whooper/internal/store/workout.go:69.16,72.3 2 1
git.infra.hisao.org/hisao/whooper/internal/store/workout.go:73.2,73.14 1 1
git.infra.hisao.org/hisao/whooper/internal/store/workout.go:73.14,76.3 2 1
git.infra.hisao.org/hisao/whooper/internal/store/workout.go:77.2,80.16 3 1
git.infra.hisao.org/hisao/whooper/internal/store/workout.go:80.16,82.3 1 0
git.infra.hisao.org/hisao/whooper/internal/store/workout.go:83.2,86.18 3 1
git.infra.hisao.org/hisao/whooper/internal/store/workout.go:86.18,96.17 5 1
git.infra.hisao.org/hisao/whooper/internal/store/workout.go:96.17,98.4 1 0
git.infra.hisao.org/hisao/whooper/internal/store/workout.go:99.3,117.33 2 1
git.infra.hisao.org/hisao/whooper/internal/store/workout.go:119.2,119.29 1 1
git.infra.hisao.org/hisao/whooper/internal/tui/components/barchart.go:20.53,21.21 1 1
git.infra.hisao.org/hisao/whooper/internal/tui/components/barchart.go:21.21,23.3 1 1
git.infra.hisao.org/hisao/whooper/internal/tui/components/barchart.go:26.2,27.29 2 1
git.infra.hisao.org/hisao/whooper/internal/tui/components/barchart.go:27.29,28.33 1 1
git.infra.hisao.org/hisao/whooper/internal/tui/components/barchart.go:28.33,30.4 1 1
git.infra.hisao.org/hisao/whooper/internal/tui/components/barchart.go:33.2,34.29 2 1
git.infra.hisao.org/hisao/whooper/internal/tui/components/barchart.go:34.29,36.18 2 1
git.infra.hisao.org/hisao/whooper/internal/tui/components/barchart.go:36.18,38.4 1 1
git.infra.hisao.org/hisao/whooper/internal/tui/components/barchart.go:39.3,40.17 2 1
git.infra.hisao.org/hisao/whooper/internal/tui/components/barchart.go:40.17,42.4 1 0
git.infra.hisao.org/hisao/whooper/internal/tui/components/barchart.go:43.3,43.24 1 1
git.infra.hisao.org/hisao/whooper/internal/tui/components/barchart.go:43.24,45.4 1 1
git.infra.hisao.org/hisao/whooper/internal/tui/components/barchart.go:46.3,55.23 7 1
git.infra.hisao.org/hisao/whooper/internal/tui/components/barchart.go:55.23,57.4 1 1
git.infra.hisao.org/hisao/whooper/internal/tui/components/barchart.go:59.2,59.20 1 1
git.infra.hisao.org/hisao/whooper/internal/tui/components/gauge.go:12.45,13.16 1 1
git.infra.hisao.org/hisao/whooper/internal/tui/components/gauge.go:13.16,15.3 1 1
git.infra.hisao.org/hisao/whooper/internal/tui/components/gauge.go:17.2,18.9 2 1
git.infra.hisao.org/hisao/whooper/internal/tui/components/gauge.go:19.19,20.36 1 1
git.infra.hisao.org/hisao/whooper/internal/tui/components/gauge.go:21.19,22.36 1 1
git.infra.hisao.org/hisao/whooper/internal/tui/components/gauge.go:23.10,24.36 1 1
git.infra.hisao.org/hisao/whooper/internal/tui/components/gauge.go:27.2,28.13 2 1
git.infra.hisao.org/hisao/whooper/internal/tui/components/gauge.go:28.13,30.3 1 1
git.infra.hisao.org/hisao/whooper/internal/tui/components/gauge.go:31.2,31.13 1 1
git.infra.hisao.org/hisao/whooper/internal/tui/components/gauge.go:31.13,33.3 1 1
git.infra.hisao.org/hisao/whooper/internal/tui/components/gauge.go:35.2,44.42 7 1
git.infra.hisao.org/hisao/whooper/internal/tui/components/sparkline.go:8.50,9.34 1 1
git.infra.hisao.org/hisao/whooper/internal/tui/components/sparkline.go:9.34,11.3 1 1
git.infra.hisao.org/hisao/whooper/internal/tui/components/sparkline.go:13.2,18.23 4 1
git.infra.hisao.org/hisao/whooper/internal/tui/components/sparkline.go:18.23,20.3 1 0
git.infra.hisao.org/hisao/whooper/internal/tui/components/sparkline.go:22.2,23.27 2 1
git.infra.hisao.org/hisao/whooper/internal/tui/components/sparkline.go:23.27,24.14 1 1
git.infra.hisao.org/hisao/whooper/internal/tui/components/sparkline.go:24.14,26.4 1 0
git.infra.hisao.org/hisao/whooper/internal/tui/components/sparkline.go:27.3,27.14 1 1
git.infra.hisao.org/hisao/whooper/internal/tui/components/sparkline.go:27.14,29.4 1 1
git.infra.hisao.org/hisao/whooper/internal/tui/components/sparkline.go:32.2,33.15 2 1
git.infra.hisao.org/hisao/whooper/internal/tui/components/sparkline.go:33.15,35.3 1 1
git.infra.hisao.org/hisao/whooper/internal/tui/components/sparkline.go:37.2,38.27 2 1
git.infra.hisao.org/hisao/whooper/internal/tui/components/sparkline.go:38.27,41.14 3 1
git.infra.hisao.org/hisao/whooper/internal/tui/components/sparkline.go:41.14,43.4 1 0
git.infra.hisao.org/hisao/whooper/internal/tui/components/sparkline.go:44.3,44.25 1 1
git.infra.hisao.org/hisao/whooper/internal/tui/components/sparkline.go:44.25,46.4 1 0
git.infra.hisao.org/hisao/whooper/internal/tui/components/sparkline.go:47.3,47.23 1 1
git.infra.hisao.org/hisao/whooper/internal/tui/components/sparkline.go:49.2,49.20 1 1
git.infra.hisao.org/hisao/whooper/internal/tui/components/sparkline.go:52.54,55.29 3 0
git.infra.hisao.org/hisao/whooper/internal/tui/components/sparkline.go:55.29,58.22 3 0
git.infra.hisao.org/hisao/whooper/internal/tui/components/sparkline.go:58.22,60.4 1 0
git.infra.hisao.org/hisao/whooper/internal/tui/components/sparkline.go:61.3,61.19 1 0
git.infra.hisao.org/hisao/whooper/internal/tui/components/sparkline.go:61.19,62.25 1 0
git.infra.hisao.org/hisao/whooper/internal/tui/components/sparkline.go:62.25,64.5 1 0
git.infra.hisao.org/hisao/whooper/internal/tui/components/sparkline.go:65.4,65.12 1 0
git.infra.hisao.org/hisao/whooper/internal/tui/components/sparkline.go:67.3,68.32 2 0
git.infra.hisao.org/hisao/whooper/internal/tui/components/sparkline.go:68.32,70.4 1 0
git.infra.hisao.org/hisao/whooper/internal/tui/components/sparkline.go:71.3,71.39 1 0
git.infra.hisao.org/hisao/whooper/internal/tui/components/sparkline.go:73.2,73.15 1 0
git.infra.hisao.org/hisao/whooper/internal/tui/components/table.go:13.74,14.23 1 1
git.infra.hisao.org/hisao/whooper/internal/tui/components/table.go:14.23,16.3 1 1
git.infra.hisao.org/hisao/whooper/internal/tui/components/table.go:18.2,29.28 5 1
git.infra.hisao.org/hisao/whooper/internal/tui/components/table.go:29.28,32.3 2 1
git.infra.hisao.org/hisao/whooper/internal/tui/components/table.go:33.2,38.25 4 1
git.infra.hisao.org/hisao/whooper/internal/tui/components/table.go:38.25,41.3 2 1
git.infra.hisao.org/hisao/whooper/internal/tui/components/table.go:42.2,46.27 3 1
git.infra.hisao.org/hisao/whooper/internal/tui/components/table.go:46.27,48.26 2 1
git.infra.hisao.org/hisao/whooper/internal/tui/components/table.go:48.26,51.20 3 1
git.infra.hisao.org/hisao/whooper/internal/tui/components/table.go:51.20,53.5 1 1
git.infra.hisao.org/hisao/whooper/internal/tui/components/table.go:54.4,54.67 1 1
git.infra.hisao.org/hisao/whooper/internal/tui/components/table.go:56.3,57.23 2 1
git.infra.hisao.org/hisao/whooper/internal/tui/components/table.go:60.2,60.20 1 1
git.infra.hisao.org/hisao/whooper/internal/tui/components/table.go:64.97,65.23 1 1
git.infra.hisao.org/hisao/whooper/internal/tui/components/table.go:65.23,67.3 1 1
git.infra.hisao.org/hisao/whooper/internal/tui/components/table.go:69.2,84.28 6 1
git.infra.hisao.org/hisao/whooper/internal/tui/components/table.go:84.28,87.3 2 1
git.infra.hisao.org/hisao/whooper/internal/tui/components/table.go:88.2,93.25 4 1
git.infra.hisao.org/hisao/whooper/internal/tui/components/table.go:93.25,96.3 2 1
git.infra.hisao.org/hisao/whooper/internal/tui/components/table.go:97.2,101.27 3 1
git.infra.hisao.org/hisao/whooper/internal/tui/components/table.go:101.27,103.26 2 1
git.infra.hisao.org/hisao/whooper/internal/tui/components/table.go:103.26,106.20 3 1
git.infra.hisao.org/hisao/whooper/internal/tui/components/table.go:106.20,108.5 1 1
git.infra.hisao.org/hisao/whooper/internal/tui/components/table.go:109.4,110.19 2 1
git.infra.hisao.org/hisao/whooper/internal/tui/components/table.go:110.19,112.5 1 1
git.infra.hisao.org/hisao/whooper/internal/tui/components/table.go:113.4,113.31 1 1
git.infra.hisao.org/hisao/whooper/internal/tui/components/table.go:115.3,116.23 2 1
git.infra.hisao.org/hisao/whooper/internal/tui/components/table.go:119.2,119.20 1 1
git.infra.hisao.org/hisao/whooper/internal/tui/components/table.go:122.40,123.38 1 1
git.infra.hisao.org/hisao/whooper/internal/tui/components/table.go:123.38,125.3 1 1
git.infra.hisao.org/hisao/whooper/internal/tui/components/table.go:126.2,126.11 1 1
git.infra.hisao.org/hisao/whooper/internal/tui/components/table.go:129.44,130.22 1 1
git.infra.hisao.org/hisao/whooper/internal/tui/components/table.go:130.22,132.3 1 1
git.infra.hisao.org/hisao/whooper/internal/tui/components/table.go:133.2,133.17 1 1
git.infra.hisao.org/hisao/whooper/internal/tui/components/table.go:133.17,135.3 1 1
git.infra.hisao.org/hisao/whooper/internal/tui/components/table.go:136.2,136.29 1 1
git.infra.hisao.org/hisao/whooper/cmd/config.go:13.54,15.17 2 0
git.infra.hisao.org/hisao/whooper/cmd/config.go:15.17,17.4 1 0
git.infra.hisao.org/hisao/whooper/cmd/config.go:18.3,19.22 2 0
git.infra.hisao.org/hisao/whooper/cmd/config.go:19.22,21.4 1 0
git.infra.hisao.org/hisao/whooper/cmd/config.go:22.3,27.13 6 0
git.infra.hisao.org/hisao/whooper/cmd/config.go:36.54,38.17 2 0
git.infra.hisao.org/hisao/whooper/cmd/config.go:38.17,40.4 1 0
git.infra.hisao.org/hisao/whooper/cmd/config.go:41.3,41.18 1 0
git.infra.hisao.org/hisao/whooper/cmd/config.go:42.20,43.26 1 0
git.infra.hisao.org/hisao/whooper/cmd/config.go:44.24,45.30 1 0
git.infra.hisao.org/hisao/whooper/cmd/config.go:46.23,47.29 1 0
git.infra.hisao.org/hisao/whooper/cmd/config.go:48.11,49.96 1 0
git.infra.hisao.org/hisao/whooper/cmd/config.go:51.3,51.42 1 0
git.infra.hisao.org/hisao/whooper/cmd/config.go:51.42,53.4 1 0
git.infra.hisao.org/hisao/whooper/cmd/config.go:54.3,55.13 2 0
git.infra.hisao.org/hisao/whooper/cmd/config.go:59.13,62.2 2 0
git.infra.hisao.org/hisao/whooper/cmd/export.go:25.54,27.17 2 0
git.infra.hisao.org/hisao/whooper/cmd/export.go:27.17,29.4 1 0
git.infra.hisao.org/hisao/whooper/cmd/export.go:30.3,33.23 3 0
git.infra.hisao.org/hisao/whooper/cmd/export.go:34.17,35.37 1 0
git.infra.hisao.org/hisao/whooper/cmd/export.go:36.21,37.41 1 0
git.infra.hisao.org/hisao/whooper/cmd/export.go:38.17,39.44 1 0
git.infra.hisao.org/hisao/whooper/cmd/export.go:40.19,41.39 1 0
git.infra.hisao.org/hisao/whooper/cmd/export.go:42.11,43.102 1 0
git.infra.hisao.org/hisao/whooper/cmd/export.go:45.3,45.17 1 0
git.infra.hisao.org/hisao/whooper/cmd/export.go:45.17,47.4 1 0
git.infra.hisao.org/hisao/whooper/cmd/export.go:49.3,50.25 2 0
git.infra.hisao.org/hisao/whooper/cmd/export.go:50.25,52.18 2 0
git.infra.hisao.org/hisao/whooper/cmd/export.go:52.18,54.5 1 0
git.infra.hisao.org/hisao/whooper/cmd/export.go:55.4,56.9 2 0
git.infra.hisao.org/hisao/whooper/cmd/export.go:59.3,59.23 1 0
git.infra.hisao.org/hisao/whooper/cmd/export.go:60.15,63.27 3 0
git.infra.hisao.org/hisao/whooper/cmd/export.go:64.14,65.42 1 0
git.infra.hisao.org/hisao/whooper/cmd/export.go:66.11,67.75 1 0
git.infra.hisao.org/hisao/whooper/cmd/export.go:72.59,76.16 3 0
git.infra.hisao.org/hisao/whooper/cmd/export.go:77.20,79.46 2 0
git.infra.hisao.org/hisao/whooper/cmd/export.go:79.46,81.22 2 0
git.infra.hisao.org/hisao/whooper/cmd/export.go:81.22,87.5 1 0
git.infra.hisao.org/hisao/whooper/cmd/export.go:87.10,89.5 1 0
git.infra.hisao.org/hisao/whooper/cmd/export.go:90.4,90.21 1 0
git.infra.hisao.org/hisao/whooper/cmd/export.go:92.18,94.46 2 0
git.infra.hisao.org/hisao/whooper/cmd/export.go:94.46,97.23 3 0
git.infra.hisao.org/hisao/whooper/cmd/export.go:97.23,103.5 1 0
git.infra.hisao.org/hisao/whooper/cmd/export.go:103.10,105.5 1 0
git.infra.hisao.org/hisao/whooper/cmd/export.go:106.4,106.21 1 0
git.infra.hisao.org/hisao/whooper/cmd/export.go:108.16,110.43 2 0
git.infra.hisao.org/hisao/whooper/cmd/export.go:110.43,112.13 2 0
git.infra.hisao.org/hisao/whooper/cmd/export.go:112.13,114.5 1 0
git.infra.hisao.org/hisao/whooper/cmd/export.go:115.4,116.22 2 0
git.infra.hisao.org/hisao/whooper/cmd/export.go:116.22,120.5 1 0
git.infra.hisao.org/hisao/whooper/cmd/export.go:120.10,122.5 1 0
git.infra.hisao.org/hisao/whooper/cmd/export.go:123.4,123.21 1 0
git.infra.hisao.org/hisao/whooper/cmd/export.go:125.16,127.43 2 0
git.infra.hisao.org/hisao/whooper/cmd/export.go:127.43,129.22 2 0
git.infra.hisao.org/hisao/whooper/cmd/export.go:129.22,134.5 1 0
git.infra.hisao.org/hisao/whooper/cmd/export.go:134.10,136.5 1 0
git.infra.hisao.org/hisao/whooper/cmd/export.go:137.4,137.21 1 0
git.infra.hisao.org/hisao/whooper/cmd/export.go:140.2,140.12 1 0
git.infra.hisao.org/hisao/whooper/cmd/export.go:143.13,148.2 4 0
git.infra.hisao.org/hisao/whooper/cmd/login.go:14.54,16.17 2 0
git.infra.hisao.org/hisao/whooper/cmd/login.go:16.17,18.4 1 0
git.infra.hisao.org/hisao/whooper/cmd/login.go:19.3,19.51 1 0
git.infra.hisao.org/hisao/whooper/cmd/login.go:19.51,21.4 1 0
git.infra.hisao.org/hisao/whooper/cmd/login.go:23.3,25.17 3 0
git.infra.hisao.org/hisao/whooper/cmd/login.go:25.17,27.4 1 0
git.infra.hisao.org/hisao/whooper/cmd/login.go:29.3,29.67 1 0
git.infra.hisao.org/hisao/whooper/cmd/login.go:29.67,31.4 1 0
git.infra.hisao.org/hisao/whooper/cmd/login.go:33.3,34.13 2 0
git.infra.hisao.org/hisao/whooper/cmd/login.go:38.13,40.2 1 0
git.infra.hisao.org/hisao/whooper/cmd/root.go:14.54,16.3 1 0
git.infra.hisao.org/hisao/whooper/cmd/root.go:20.27,22.2 1 0
git.infra.hisao.org/hisao/whooper/cmd/root.go:24.16,25.42 1 0
git.infra.hisao.org/hisao/whooper/cmd/root.go:25.42,28.3 2 0
git.infra.hisao.org/hisao/whooper/cmd/sync.go:24.54,26.17 2 0
git.infra.hisao.org/hisao/whooper/cmd/sync.go:26.17,28.4 1 0
git.infra.hisao.org/hisao/whooper/cmd/sync.go:30.3,31.17 2 0
git.infra.hisao.org/hisao/whooper/cmd/sync.go:31.17,33.4 1 0
git.infra.hisao.org/hisao/whooper/cmd/sync.go:35.3,43.17 5 0
git.infra.hisao.org/hisao/whooper/cmd/sync.go:43.17,45.4 1 0
git.infra.hisao.org/hisao/whooper/cmd/sync.go:46.3,48.67 2 0
git.infra.hisao.org/hisao/whooper/cmd/sync.go:48.67,50.4 1 0
git.infra.hisao.org/hisao/whooper/cmd/sync.go:52.3,53.10 2 0
git.infra.hisao.org/hisao/whooper/cmd/sync.go:54.17,56.18 2 0
git.infra.hisao.org/hisao/whooper/cmd/sync.go:57.24,59.40 2 0
git.infra.hisao.org/hisao/whooper/cmd/sync.go:60.11,61.45 1 0
git.infra.hisao.org/hisao/whooper/cmd/sync.go:64.3,64.48 1 0
git.infra.hisao.org/hisao/whooper/cmd/sync.go:64.48,66.4 1 0
git.infra.hisao.org/hisao/whooper/cmd/sync.go:67.3,71.28 3 0
git.infra.hisao.org/hisao/whooper/cmd/sync.go:71.28,72.19 1 0
git.infra.hisao.org/hisao/whooper/cmd/sync.go:73.20,74.40 1 0
git.infra.hisao.org/hisao/whooper/cmd/sync.go:75.12,76.40 1 0
git.infra.hisao.org/hisao/whooper/cmd/sync.go:79.3,79.13 1 0
git.infra.hisao.org/hisao/whooper/cmd/sync.go:83.13,87.2 3 0
git.infra.hisao.org/hisao/whooper/cmd/tui.go:20.54,22.17 2 0
git.infra.hisao.org/hisao/whooper/cmd/tui.go:22.17,24.4 1 0
git.infra.hisao.org/hisao/whooper/cmd/tui.go:25.3,30.42 4 0
git.infra.hisao.org/hisao/whooper/cmd/tui.go:30.42,32.21 2 0
git.infra.hisao.org/hisao/whooper/cmd/tui.go:32.21,39.27 4 0
git.infra.hisao.org/hisao/whooper/cmd/tui.go:39.27,42.6 2 0
git.infra.hisao.org/hisao/whooper/cmd/tui.go:46.3,56.25 8 0
git.infra.hisao.org/hisao/whooper/cmd/tui.go:60.13,62.2 1 0
git.infra.hisao.org/hisao/whooper/cmd/version.go:13.47,15.3 1 0
git.infra.hisao.org/hisao/whooper/cmd/version.go:18.13,20.2 1 0
git.infra.hisao.org/hisao/whooper/main.go:8.13,11.2 2 0
git.infra.hisao.org/hisao/whooper/internal/formatters/correlations.go:29.109,36.22 2 1
git.infra.hisao.org/hisao/whooper/internal/formatters/correlations.go:36.22,38.3 1 1
git.infra.hisao.org/hisao/whooper/internal/formatters/correlations.go:40.2,41.27 2 1
git.infra.hisao.org/hisao/whooper/internal/formatters/correlations.go:41.27,45.3 3 1
git.infra.hisao.org/hisao/whooper/internal/formatters/correlations.go:47.2,47.15 1 1
git.infra.hisao.org/hisao/whooper/internal/formatters/correlations.go:50.41,52.2 1 1
git.infra.hisao.org/hisao/whooper/internal/formatters/correlations.go:54.34,63.2 1 1
git.infra.hisao.org/hisao/whooper/internal/formatters/correlations.go:65.72,67.25 2 1
git.infra.hisao.org/hisao/whooper/internal/formatters/correlations.go:67.25,69.3 1 1
git.infra.hisao.org/hisao/whooper/internal/formatters/correlations.go:69.8,69.32 1 1
git.infra.hisao.org/hisao/whooper/internal/formatters/correlations.go:69.32,71.3 1 1
git.infra.hisao.org/hisao/whooper/internal/formatters/correlations.go:73.2,74.11 2 1
git.infra.hisao.org/hisao/whooper/internal/formatters/correlations.go:74.11,76.3 1 1
git.infra.hisao.org/hisao/whooper/internal/formatters/correlations.go:78.2,78.129 1 1
git.infra.hisao.org/hisao/whooper/internal/formatters/correlations.go:81.42,82.11 1 1
git.infra.hisao.org/hisao/whooper/internal/formatters/correlations.go:82.11,84.3 1 1
git.infra.hisao.org/hisao/whooper/internal/formatters/correlations.go:85.2,87.18 3 1
git.infra.hisao.org/hisao/whooper/internal/formatters/correlations.go:87.18,89.3 1 0
git.infra.hisao.org/hisao/whooper/internal/formatters/correlations.go:90.2,90.122 1 1
git.infra.hisao.org/hisao/whooper/internal/formatters/recovery.go:30.104,36.20 2 1
git.infra.hisao.org/hisao/whooper/internal/formatters/recovery.go:36.20,38.3 1 1
git.infra.hisao.org/hisao/whooper/internal/formatters/recovery.go:40.2,41.25 2 1
git.infra.hisao.org/hisao/whooper/internal/formatters/recovery.go:41.25,45.3 3 1
git.infra.hisao.org/hisao/whooper/internal/formatters/recovery.go:47.2,62.15 8 1
git.infra.hisao.org/hisao/whooper/internal/formatters/recovery.go:65.64,66.20 1 1
git.infra.hisao.org/hisao/whooper/internal/formatters/recovery.go:66.20,68.3 1 1
git.infra.hisao.org/hisao/whooper/internal/formatters/recovery.go:69.2,70.12 2 1
git.infra.hisao.org/hisao/whooper/internal/formatters/recovery.go:70.12,72.3 1 0
git.infra.hisao.org/hisao/whooper/internal/formatters/recovery.go:73.2,73.12 1 1
git.infra.hisao.org/hisao/whooper/internal/formatters/recovery.go:73.12,75.3 1 0
git.infra.hisao.org/hisao/whooper/internal/formatters/recovery.go:76.2,76.27 1 1
git.infra.hisao.org/hisao/whooper/internal/formatters/recovery.go:79.68,80.20 1 1
git.infra.hisao.org/hisao/whooper/internal/formatters/recovery.go:80.20,82.3 1 1
git.infra.hisao.org/hisao/whooper/internal/formatters/recovery.go:84.2,85.90 2 1
git.infra.hisao.org/hisao/whooper/internal/formatters/recovery.go:85.90,87.3 1 1
git.infra.hisao.org/hisao/whooper/internal/formatters/recovery.go:88.2,88.85 1 1
git.infra.hisao.org/hisao/whooper/internal/formatters/recovery.go:88.85,90.3 1 1
git.infra.hisao.org/hisao/whooper/internal/formatters/recovery.go:92.2,93.45 1 1
git.infra.hisao.org/hisao/whooper/internal/formatters/recovery.go:96.51,101.2 4 1
git.infra.hisao.org/hisao/whooper/internal/formatters/recovery.go:103.50,104.34 1 1
git.infra.hisao.org/hisao/whooper/internal/formatters/recovery.go:104.34,106.3 1 0
git.infra.hisao.org/hisao/whooper/internal/formatters/recovery.go:107.2,110.19 4 1
git.infra.hisao.org/hisao/whooper/internal/formatters/recovery.go:110.19,112.3 1 0
git.infra.hisao.org/hisao/whooper/internal/formatters/recovery.go:114.2,118.29 4 1
git.infra.hisao.org/hisao/whooper/internal/formatters/recovery.go:118.29,120.23 2 1
git.infra.hisao.org/hisao/whooper/internal/formatters/recovery.go:120.23,122.4 1 0
git.infra.hisao.org/hisao/whooper/internal/formatters/recovery.go:123.3,125.19 3 1
git.infra.hisao.org/hisao/whooper/internal/formatters/recovery.go:125.19,127.4 1 0
git.infra.hisao.org/hisao/whooper/internal/formatters/recovery.go:128.3,128.27 1 1
git.infra.hisao.org/hisao/whooper/internal/formatters/recovery.go:128.27,130.4 1 0
git.infra.hisao.org/hisao/whooper/internal/formatters/recovery.go:131.3,131.44 1 1
git.infra.hisao.org/hisao/whooper/internal/formatters/recovery.go:133.2,133.23 1 1
git.infra.hisao.org/hisao/whooper/internal/formatters/recovery.go:136.39,138.29 2 1
git.infra.hisao.org/hisao/whooper/internal/formatters/recovery.go:138.29,139.14 1 1
git.infra.hisao.org/hisao/whooper/internal/formatters/recovery.go:139.14,141.4 1 1
git.infra.hisao.org/hisao/whooper/internal/formatters/recovery.go:143.2,143.12 1 1
git.infra.hisao.org/hisao/whooper/internal/formatters/recovery.go:146.39,148.29 2 1
git.infra.hisao.org/hisao/whooper/internal/formatters/recovery.go:148.29,149.14 1 1
git.infra.hisao.org/hisao/whooper/internal/formatters/recovery.go:149.14,151.4 1 1
git.infra.hisao.org/hisao/whooper/internal/formatters/recovery.go:153.2,153.12 1 1
git.infra.hisao.org/hisao/whooper/internal/formatters/recovery.go:156.43,157.20 1 1
git.infra.hisao.org/hisao/whooper/internal/formatters/recovery.go:157.20,159.3 1 1
git.infra.hisao.org/hisao/whooper/internal/formatters/recovery.go:160.2,161.25 2 1
git.infra.hisao.org/hisao/whooper/internal/formatters/recovery.go:161.25,163.3 1 1
git.infra.hisao.org/hisao/whooper/internal/formatters/recovery.go:164.2,164.33 1 1
git.infra.hisao.org/hisao/whooper/internal/formatters/recovery.go:167.67,169.26 2 1
git.infra.hisao.org/hisao/whooper/internal/formatters/recovery.go:169.26,171.3 1 1
git.infra.hisao.org/hisao/whooper/internal/formatters/recovery.go:172.2,172.15 1 1
git.infra.hisao.org/hisao/whooper/internal/formatters/sleep.go:27.95,33.20 2 1
git.infra.hisao.org/hisao/whooper/internal/formatters/sleep.go:33.20,35.3 1 1
git.infra.hisao.org/hisao/whooper/internal/formatters/sleep.go:37.2,38.25 2 1
git.infra.hisao.org/hisao/whooper/internal/formatters/sleep.go:38.25,41.3 2 1
git.infra.hisao.org/hisao/whooper/internal/formatters/sleep.go:43.2,55.15 7 1
git.infra.hisao.org/hisao/whooper/internal/formatters/sleep.go:58.62,59.20 1 1
git.infra.hisao.org/hisao/whooper/internal/formatters/sleep.go:59.20,61.3 1 1
git.infra.hisao.org/hisao/whooper/internal/formatters/sleep.go:63.2,65.82 3 1
git.infra.hisao.org/hisao/whooper/internal/formatters/sleep.go:65.82,67.3 1 1
git.infra.hisao.org/hisao/whooper/internal/formatters/sleep.go:69.2,70.61 1 1
git.infra.hisao.org/hisao/whooper/internal/formatters/sleep.go:73.69,75.25 2 1
git.infra.hisao.org/hisao/whooper/internal/formatters/sleep.go:75.25,77.3 1 1
git.infra.hisao.org/hisao/whooper/internal/formatters/sleep.go:78.2,78.15 1 1
git.infra.hisao.org/hisao/whooper/internal/formatters/sleep.go:81.48,86.2 4 1
git.infra.hisao.org/hisao/whooper/internal/formatters/sleep.go:88.64,89.20 1 0
git.infra.hisao.org/hisao/whooper/internal/formatters/sleep.go:89.20,91.3 1 0
git.infra.hisao.org/hisao/whooper/internal/formatters/sleep.go:92.2,92.57 1 0
git.infra.hisao.org/hisao/whooper/internal/formatters/workouts.go:50.70,55.24 2 1
git.infra.hisao.org/hisao/whooper/internal/formatters/workouts.go:55.24,57.3 1 1
git.infra.hisao.org/hisao/whooper/internal/formatters/workouts.go:59.2,60.29 2 1
git.infra.hisao.org/hisao/whooper/internal/formatters/workouts.go:60.29,67.21 2 1
git.infra.hisao.org/hisao/whooper/internal/formatters/workouts.go:67.21,70.4 2 1
git.infra.hisao.org/hisao/whooper/internal/formatters/workouts.go:72.3,74.26 3 1
git.infra.hisao.org/hisao/whooper/internal/formatters/workouts.go:74.26,76.4 1 0
git.infra.hisao.org/hisao/whooper/internal/formatters/workouts.go:78.3,78.49 1 1
git.infra.hisao.org/hisao/whooper/internal/formatters/workouts.go:81.2,83.23 3 1
git.infra.hisao.org/hisao/whooper/internal/formatters/workouts.go:83.23,85.3 1 1
git.infra.hisao.org/hisao/whooper/internal/formatters/workouts.go:87.2,87.15 1 1
git.infra.hisao.org/hisao/whooper/internal/formatters/workouts.go:90.70,91.24 1 0
git.infra.hisao.org/hisao/whooper/internal/formatters/workouts.go:91.24,93.3 1 0
git.infra.hisao.org/hisao/whooper/internal/formatters/workouts.go:95.2,99.29 3 0
git.infra.hisao.org/hisao/whooper/internal/formatters/workouts.go:99.29,102.21 3 0
git.infra.hisao.org/hisao/whooper/internal/formatters/workouts.go:102.21,104.4 1 0
git.infra.hisao.org/hisao/whooper/internal/formatters/workouts.go:105.3,106.18 2 0
git.infra.hisao.org/hisao/whooper/internal/formatters/workouts.go:106.18,108.4 1 0
git.infra.hisao.org/hisao/whooper/internal/formatters/workouts.go:110.3,112.27 2 0
git.infra.hisao.org/hisao/whooper/internal/formatters/workouts.go:115.2,115.32 1 0
git.infra.hisao.org/hisao/whooper/internal/formatters/workouts.go:118.61,119.24 1 0
git.infra.hisao.org/hisao/whooper/internal/formatters/workouts.go:119.24,121.3 1 0
git.infra.hisao.org/hisao/whooper/internal/formatters/workouts.go:123.2,124.29 2 0
git.infra.hisao.org/hisao/whooper/internal/formatters/workouts.go:124.29,125.21 1 0
git.infra.hisao.org/hisao/whooper/internal/formatters/workouts.go:125.21,128.4 2 0
git.infra.hisao.org/hisao/whooper/internal/formatters/workouts.go:131.2,132.15 2 0
git.infra.hisao.org/hisao/whooper/internal/formatters/workouts.go:132.15,134.3 1 0
git.infra.hisao.org/hisao/whooper/internal/formatters/workouts.go:136.2,137.41 1 0
git.infra.hisao.org/hisao/whooper/internal/formatters/workouts.go:140.46,142.16 2 1
git.infra.hisao.org/hisao/whooper/internal/formatters/workouts.go:142.16,144.3 1 1
git.infra.hisao.org/hisao/whooper/internal/formatters/workouts.go:145.2,146.16 2 1
git.infra.hisao.org/hisao/whooper/internal/formatters/workouts.go:146.16,148.3 1 0
git.infra.hisao.org/hisao/whooper/internal/formatters/workouts.go:149.2,150.32 2 1
git.infra.hisao.org/hisao/whooper/internal/formatters/workouts.go:153.34,155.16 2 1
git.infra.hisao.org/hisao/whooper/internal/formatters/workouts.go:155.16,156.19 1 1
git.infra.hisao.org/hisao/whooper/internal/formatters/workouts.go:156.19,158.4 1 0
git.infra.hisao.org/hisao/whooper/internal/formatters/workouts.go:159.3,159.11 1 1
git.infra.hisao.org/hisao/whooper/internal/formatters/workouts.go:161.2,161.31 1 1
git.infra.hisao.org/hisao/whooper/internal/formatters/workouts.go:164.50,166.23 2 1
git.infra.hisao.org/hisao/whooper/internal/formatters/workouts.go:166.23,167.12 1 1
git.infra.hisao.org/hisao/whooper/internal/formatters/workouts.go:167.12,169.4 1 1
git.infra.hisao.org/hisao/whooper/internal/formatters/workouts.go:170.3,170.14 1 1
git.infra.hisao.org/hisao/whooper/internal/formatters/workouts.go:172.2,172.15 1 1
git.infra.hisao.org/hisao/whooper/internal/formatters/workouts.go:175.50,180.2 4 1
git.infra.hisao.org/hisao/whooper/internal/formatters/workouts.go:182.36,184.2 1 1
git.infra.hisao.org/hisao/whooper/internal/tui/app.go:29.39,34.2 1 0
git.infra.hisao.org/hisao/whooper/internal/tui/app.go:37.86,39.2 1 0
git.infra.hisao.org/hisao/whooper/internal/tui/app.go:41.30,43.28 2 0
git.infra.hisao.org/hisao/whooper/internal/tui/app.go:43.28,44.15 1 0
git.infra.hisao.org/hisao/whooper/internal/tui/app.go:44.15,46.4 1 0
git.infra.hisao.org/hisao/whooper/internal/tui/app.go:48.2,48.27 1 0
git.infra.hisao.org/hisao/whooper/internal/tui/app.go:51.56,52.27 1 0
git.infra.hisao.org/hisao/whooper/internal/tui/app.go:53.25,58.29 4 0
git.infra.hisao.org/hisao/whooper/internal/tui/app.go:58.29,59.16 1 0
git.infra.hisao.org/hisao/whooper/internal/tui/app.go:59.16,62.19 3 0
git.infra.hisao.org/hisao/whooper/internal/tui/app.go:62.19,64.6 1 0
git.infra.hisao.org/hisao/whooper/internal/tui/app.go:67.3,67.31 1 0
git.infra.hisao.org/hisao/whooper/internal/tui/app.go:69.19,71.21 2 0
git.infra.hisao.org/hisao/whooper/internal/tui/app.go:71.21,74.4 2 0
git.infra.hisao.org/hisao/whooper/internal/tui/app.go:74.9,77.4 2 0
git.infra.hisao.org/hisao/whooper/internal/tui/app.go:79.3,80.29 2 0
git.infra.hisao.org/hisao/whooper/internal/tui/app.go:80.29,81.55 1 0
git.infra.hisao.org/hisao/whooper/internal/tui/app.go:81.55,83.5 1 0
git.infra.hisao.org/hisao/whooper/internal/tui/app.go:86.3,86.73 1 0
git.infra.hisao.org/hisao/whooper/internal/tui/app.go:86.73,88.4 1 0
git.infra.hisao.org/hisao/whooper/internal/tui/app.go:89.3,89.31 1 0
git.infra.hisao.org/hisao/whooper/internal/tui/app.go:91.20,92.17 1 0
git.infra.hisao.org/hisao/whooper/internal/tui/app.go:92.17,94.4 1 0
git.infra.hisao.org/hisao/whooper/internal/tui/app.go:95.3,95.16 1 0
git.infra.hisao.org/hisao/whooper/internal/tui/app.go:97.18,98.36 1 0
git.infra.hisao.org/hisao/whooper/internal/tui/app.go:98.36,100.4 1 0
git.infra.hisao.org/hisao/whooper/internal/tui/app.go:102.3,103.10 2 0
git.infra.hisao.org/hisao/whooper/internal/tui/app.go:104.38,105.14 1 0
git.infra.hisao.org/hisao/whooper/internal/tui/app.go:106.38,107.14 1 0
git.infra.hisao.org/hisao/whooper/internal/tui/app.go:108.38,109.14 1 0
git.infra.hisao.org/hisao/whooper/internal/tui/app.go:110.38,111.14 1 0
git.infra.hisao.org/hisao/whooper/internal/tui/app.go:112.38,113.14 1 0
git.infra.hisao.org/hisao/whooper/internal/tui/app.go:114.41,115.34 1 0
git.infra.hisao.org/hisao/whooper/internal/tui/app.go:116.41,117.34 1 0
git.infra.hisao.org/hisao/whooper/internal/tui/app.go:118.38,119.39 1 0
git.infra.hisao.org/hisao/whooper/internal/tui/app.go:119.39,123.30 4 0
git.infra.hisao.org/hisao/whooper/internal/tui/app.go:123.30,126.6 2 0
git.infra.hisao.org/hisao/whooper/internal/tui/app.go:128.4,128.17 1 0
git.infra.hisao.org/hisao/whooper/internal/tui/app.go:131.3,131.43 1 0
git.infra.hisao.org/hisao/whooper/internal/tui/app.go:131.43,133.74 2 0
git.infra.hisao.org/hisao/whooper/internal/tui/app.go:133.74,135.5 1 0
git.infra.hisao.org/hisao/whooper/internal/tui/app.go:136.4,136.17 1 0
git.infra.hisao.org/hisao/whooper/internal/tui/app.go:141.2,141.33 1 0
git.infra.hisao.org/hisao/whooper/internal/tui/app.go:141.33,145.3 3 0
git.infra.hisao.org/hisao/whooper/internal/tui/app.go:147.2,147.15 1 0
git.infra.hisao.org/hisao/whooper/internal/tui/app.go:150.29,152.32 2 0
git.infra.hisao.org/hisao/whooper/internal/tui/app.go:152.32,154.23 2 0
git.infra.hisao.org/hisao/whooper/internal/tui/app.go:154.23,156.4 1 0
git.infra.hisao.org/hisao/whooper/internal/tui/app.go:156.9,158.4 1 0
git.infra.hisao.org/hisao/whooper/internal/tui/app.go:160.2,163.33 3 0
git.infra.hisao.org/hisao/whooper/internal/tui/app.go:163.33,165.3 1 0
git.infra.hisao.org/hisao/whooper/internal/tui/app.go:167.2,173.21 2 0
git.infra.hisao.org/hisao/whooper/internal/tui/app.go:173.21,174.16 1 0
git.infra.hisao.org/hisao/whooper/internal/tui/app.go:174.16,176.4 1 0
git.infra.hisao.org/hisao/whooper/internal/tui/app.go:176.9,176.23 1 0
git.infra.hisao.org/hisao/whooper/internal/tui/app.go:176.23,178.4 1 0
git.infra.hisao.org/hisao/whooper/internal/tui/app.go:178.9,180.4 1 0
git.infra.hisao.org/hisao/whooper/internal/tui/app.go:182.2,183.26 2 0
git.infra.hisao.org/hisao/whooper/internal/tui/app.go:183.26,185.3 1 0
git.infra.hisao.org/hisao/whooper/internal/tui/app.go:187.2,193.3 1 0
git.infra.hisao.org/hisao/whooper/internal/tui/app.go:196.29,200.2 3 0
git.infra.hisao.org/hisao/whooper/internal/tui/keys.go:26.29,93.2 1 0
git.infra.hisao.org/hisao/whooper/internal/tui/styles.go:54.50,55.9 1 0
git.infra.hisao.org/hisao/whooper/internal/tui/styles.go:56.19,57.20 1 0
git.infra.hisao.org/hisao/whooper/internal/tui/styles.go:58.19,59.21 1 0
git.infra.hisao.org/hisao/whooper/internal/tui/styles.go:60.10,61.18 1 0
git.infra.hisao.org/hisao/whooper/internal/tui/views/correlations.go:37.54,39.2 1 0
git.infra.hisao.org/hisao/whooper/internal/tui/views/correlations.go:47.44,49.2 1 0
git.infra.hisao.org/hisao/whooper/internal/tui/views/correlations.go:51.47,54.24 3 0
git.infra.hisao.org/hisao/whooper/internal/tui/views/correlations.go:54.24,58.17 4 0
git.infra.hisao.org/hisao/whooper/internal/tui/views/correlations.go:58.17,60.4 1 0
git.infra.hisao.org/hisao/whooper/internal/tui/views/correlations.go:62.3,63.26 2 0
git.infra.hisao.org/hisao/whooper/internal/tui/views/correlations.go:63.26,66.4 2 0
git.infra.hisao.org/hisao/whooper/internal/tui/views/correlations.go:67.3,68.46 2 0
git.infra.hisao.org/hisao/whooper/internal/tui/views/correlations.go:72.70,73.27 1 0
git.infra.hisao.org/hisao/whooper/internal/tui/views/correlations.go:74.26,75.21 1 0
git.infra.hisao.org/hisao/whooper/internal/tui/views/correlations.go:75.21,77.4 1 0
git.infra.hisao.org/hisao/whooper/internal/tui/views/correlations.go:77.9,79.4 1 0
git.infra.hisao.org/hisao/whooper/internal/tui/views/correlations.go:80.3,83.16 4 0
git.infra.hisao.org/hisao/whooper/internal/tui/views/correlations.go:84.25,85.22 1 0
git.infra.hisao.org/hisao/whooper/internal/tui/views/correlations.go:86.18,87.23 1 0
git.infra.hisao.org/hisao/whooper/internal/tui/views/correlations.go:88.20,90.24 2 0
git.infra.hisao.org/hisao/whooper/internal/tui/views/correlations.go:90.24,92.5 1 0
git.infra.hisao.org/hisao/whooper/internal/tui/views/correlations.go:93.4,93.25 1 0
git.infra.hisao.org/hisao/whooper/internal/tui/views/correlations.go:94.21,96.24 2 0
git.infra.hisao.org/hisao/whooper/internal/tui/views/correlations.go:96.24,98.5 1 0
git.infra.hisao.org/hisao/whooper/internal/tui/views/correlations.go:99.4,99.25 1 0
git.infra.hisao.org/hisao/whooper/internal/tui/views/correlations.go:100.12,102.24 2 0
git.infra.hisao.org/hisao/whooper/internal/tui/views/correlations.go:102.24,104.5 1 0
git.infra.hisao.org/hisao/whooper/internal/tui/views/correlations.go:105.4,105.25 1 0
git.infra.hisao.org/hisao/whooper/internal/tui/views/correlations.go:106.12,108.24 2 0
git.infra.hisao.org/hisao/whooper/internal/tui/views/correlations.go:108.24,110.5 1 0
git.infra.hisao.org/hisao/whooper/internal/tui/views/correlations.go:111.4,111.25 1 0
git.infra.hisao.org/hisao/whooper/internal/tui/views/correlations.go:114.2,114.15 1 0
git.infra.hisao.org/hisao/whooper/internal/tui/views/correlations.go:117.43,118.15 1 0
git.infra.hisao.org/hisao/whooper/internal/tui/views/correlations.go:118.15,120.3 1 0
git.infra.hisao.org/hisao/whooper/internal/tui/views/correlations.go:122.2,130.17 6 0
git.infra.hisao.org/hisao/whooper/internal/tui/views/correlations.go:130.17,132.3 1 0
git.infra.hisao.org/hisao/whooper/internal/tui/views/correlations.go:134.2,134.21 1 0
git.infra.hisao.org/hisao/whooper/internal/tui/views/correlations.go:134.21,137.3 2 0
git.infra.hisao.org/hisao/whooper/internal/tui/views/correlations.go:139.2,141.26 3 0
git.infra.hisao.org/hisao/whooper/internal/tui/views/correlations.go:141.26,143.3 1 0
git.infra.hisao.org/hisao/whooper/internal/tui/views/correlations.go:143.8,143.33 1 0
git.infra.hisao.org/hisao/whooper/internal/tui/views/correlations.go:143.33,145.3 1 0
git.infra.hisao.org/hisao/whooper/internal/tui/views/correlations.go:145.8,147.3 1 0
git.infra.hisao.org/hisao/whooper/internal/tui/views/correlations.go:150.2,151.20 2 0
git.infra.hisao.org/hisao/whooper/internal/tui/views/correlations.go:151.20,153.3 1 0
git.infra.hisao.org/hisao/whooper/internal/tui/views/correlations.go:154.2,154.20 1 0
git.infra.hisao.org/hisao/whooper/internal/tui/views/correlations.go:154.20,156.3 1 0
git.infra.hisao.org/hisao/whooper/internal/tui/views/correlations.go:157.2,158.18 2 0
git.infra.hisao.org/hisao/whooper/internal/tui/views/correlations.go:158.18,160.3 1 0
git.infra.hisao.org/hisao/whooper/internal/tui/views/correlations.go:162.2,172.58 9 0
git.infra.hisao.org/hisao/whooper/internal/tui/views/correlations.go:175.77,176.20 1 0
git.infra.hisao.org/hisao/whooper/internal/tui/views/correlations.go:176.20,178.3 1 0
git.infra.hisao.org/hisao/whooper/internal/tui/views/correlations.go:180.2,182.25 3 0
git.infra.hisao.org/hisao/whooper/internal/tui/views/correlations.go:182.25,183.17 1 0
git.infra.hisao.org/hisao/whooper/internal/tui/views/correlations.go:183.17,185.4 1 0
git.infra.hisao.org/hisao/whooper/internal/tui/views/correlations.go:186.3,186.17 1 0
git.infra.hisao.org/hisao/whooper/internal/tui/views/correlations.go:186.17,188.4 1 0
git.infra.hisao.org/hisao/whooper/internal/tui/views/correlations.go:189.3,189.17 1 0
git.infra.hisao.org/hisao/whooper/internal/tui/views/correlations.go:189.17,191.4 1 0
git.infra.hisao.org/hisao/whooper/internal/tui/views/correlations.go:192.3,192.17 1 0
git.infra.hisao.org/hisao/whooper/internal/tui/views/correlations.go:192.17,194.4 1 0
git.infra.hisao.org/hisao/whooper/internal/tui/views/correlations.go:197.2,199.17 3 0
git.infra.hisao.org/hisao/whooper/internal/tui/views/correlations.go:199.17,201.3 1 0
git.infra.hisao.org/hisao/whooper/internal/tui/views/correlations.go:202.2,202.17 1 0
git.infra.hisao.org/hisao/whooper/internal/tui/views/correlations.go:202.17,204.3 1 0
git.infra.hisao.org/hisao/whooper/internal/tui/views/correlations.go:206.2,207.22 2 0
git.infra.hisao.org/hisao/whooper/internal/tui/views/correlations.go:207.22,209.3 1 0
git.infra.hisao.org/hisao/whooper/internal/tui/views/correlations.go:211.2,211.25 1 0
git.infra.hisao.org/hisao/whooper/internal/tui/views/correlations.go:211.25,214.58 3 0
git.infra.hisao.org/hisao/whooper/internal/tui/views/correlations.go:214.58,216.4 1 0
git.infra.hisao.org/hisao/whooper/internal/tui/views/correlations.go:219.2,222.27 3 0
git.infra.hisao.org/hisao/whooper/internal/tui/views/correlations.go:222.27,224.28 2 0
git.infra.hisao.org/hisao/whooper/internal/tui/views/correlations.go:224.28,225.11 1 0
git.infra.hisao.org/hisao/whooper/internal/tui/views/correlations.go:226.19,227.16 1 0
git.infra.hisao.org/hisao/whooper/internal/tui/views/correlations.go:228.19,229.34 1 0
git.infra.hisao.org/hisao/whooper/internal/tui/views/correlations.go:230.19,231.35 1 0
git.infra.hisao.org/hisao/whooper/internal/tui/views/correlations.go:232.12,233.35 1 0
git.infra.hisao.org/hisao/whooper/internal/tui/views/correlations.go:236.3,236.30 1 0
git.infra.hisao.org/hisao/whooper/internal/tui/views/correlations.go:239.2,239.34 1 0
git.infra.hisao.org/hisao/whooper/internal/tui/views/dashboard.go:33.48,35.2 1 0
git.infra.hisao.org/hisao/whooper/internal/tui/views/dashboard.go:50.41,52.2 1 0
git.infra.hisao.org/hisao/whooper/internal/tui/views/dashboard.go:54.44,56.24 2 0
git.infra.hisao.org/hisao/whooper/internal/tui/views/dashboard.go:56.24,65.17 7 0
git.infra.hisao.org/hisao/whooper/internal/tui/views/dashboard.go:65.17,67.4 1 0
git.infra.hisao.org/hisao/whooper/internal/tui/views/dashboard.go:67.9,67.33 1 0
git.infra.hisao.org/hisao/whooper/internal/tui/views/dashboard.go:67.33,71.4 3 0
git.infra.hisao.org/hisao/whooper/internal/tui/views/dashboard.go:73.3,74.17 2 0
git.infra.hisao.org/hisao/whooper/internal/tui/views/dashboard.go:74.17,76.4 1 0
git.infra.hisao.org/hisao/whooper/internal/tui/views/dashboard.go:76.9,76.29 1 0
git.infra.hisao.org/hisao/whooper/internal/tui/views/dashboard.go:76.29,79.4 2 0
git.infra.hisao.org/hisao/whooper/internal/tui/views/dashboard.go:81.3,82.17 2 0
git.infra.hisao.org/hisao/whooper/internal/tui/views/dashboard.go:82.17,84.4 1 0
git.infra.hisao.org/hisao/whooper/internal/tui/views/dashboard.go:84.9,84.30 1 0
git.infra.hisao.org/hisao/whooper/internal/tui/views/dashboard.go:84.30,86.4 1 0
git.infra.hisao.org/hisao/whooper/internal/tui/views/dashboard.go:88.3,89.17 2 0
git.infra.hisao.org/hisao/whooper/internal/tui/views/dashboard.go:89.17,91.4 1 0
git.infra.hisao.org/hisao/whooper/internal/tui/views/dashboard.go:92.3,92.36 1 0
git.infra.hisao.org/hisao/whooper/internal/tui/views/dashboard.go:92.36,94.4 1 0
git.infra.hisao.org/hisao/whooper/internal/tui/views/dashboard.go:96.3,97.17 2 0
git.infra.hisao.org/hisao/whooper/internal/tui/views/dashboard.go:97.17,99.4 1 0
git.infra.hisao.org/hisao/whooper/internal/tui/views/dashboard.go:100.3,100.24 1 0
git.infra.hisao.org/hisao/whooper/internal/tui/views/dashboard.go:100.24,102.4 1 0
git.infra.hisao.org/hisao/whooper/internal/tui/views/dashboard.go:103.3,106.44 2 0
git.infra.hisao.org/hisao/whooper/internal/tui/views/dashboard.go:106.44,108.4 1 0
git.infra.hisao.org/hisao/whooper/internal/tui/views/dashboard.go:109.3,109.22 1 0
git.infra.hisao.org/hisao/whooper/internal/tui/views/dashboard.go:109.22,111.4 1 0
git.infra.hisao.org/hisao/whooper/internal/tui/views/dashboard.go:113.3,113.20 1 0
git.infra.hisao.org/hisao/whooper/internal/tui/views/dashboard.go:113.20,115.4 1 0
git.infra.hisao.org/hisao/whooper/internal/tui/views/dashboard.go:116.3,116.13 1 0
git.infra.hisao.org/hisao/whooper/internal/tui/views/dashboard.go:120.67,121.27 1 0
git.infra.hisao.org/hisao/whooper/internal/tui/views/dashboard.go:122.24,133.18 11 0
git.infra.hisao.org/hisao/whooper/internal/tui/views/dashboard.go:134.25,135.22 1 0
git.infra.hisao.org/hisao/whooper/internal/tui/views/dashboard.go:137.2,137.15 1 0
git.infra.hisao.org/hisao/whooper/internal/tui/views/dashboard.go:140.40,141.15 1 0
git.infra.hisao.org/hisao/whooper/internal/tui/views/dashboard.go:141.15,143.3 1 0
git.infra.hisao.org/hisao/whooper/internal/tui/views/dashboard.go:145.2,148.17 3 0
git.infra.hisao.org/hisao/whooper/internal/tui/views/dashboard.go:148.17,150.3 1 0
git.infra.hisao.org/hisao/whooper/internal/tui/views/dashboard.go:152.2,152.33 1 0
git.infra.hisao.org/hisao/whooper/internal/tui/views/dashboard.go:152.33,154.3 1 0
git.infra.hisao.org/hisao/whooper/internal/tui/views/dashboard.go:156.2,168.30 5 0
git.infra.hisao.org/hisao/whooper/internal/tui/views/dashboard.go:168.30,174.3 3 0
git.infra.hisao.org/hisao/whooper/internal/tui/views/dashboard.go:176.2,176.31 1 0
git.infra.hisao.org/hisao/whooper/internal/tui/views/dashboard.go:176.31,179.38 3 0
git.infra.hisao.org/hisao/whooper/internal/tui/views/dashboard.go:179.38,181.19 2 0
git.infra.hisao.org/hisao/whooper/internal/tui/views/dashboard.go:181.19,183.5 1 0
git.infra.hisao.org/hisao/whooper/internal/tui/views/dashboard.go:184.4,185.22 2 0
git.infra.hisao.org/hisao/whooper/internal/tui/views/dashboard.go:185.22,187.5 1 0
git.infra.hisao.org/hisao/whooper/internal/tui/views/dashboard.go:188.4,190.40 2 0
git.infra.hisao.org/hisao/whooper/internal/tui/views/dashboard.go:192.3,192.59 1 0
git.infra.hisao.org/hisao/whooper/internal/tui/views/dashboard.go:195.2,195.58 1 0
git.infra.hisao.org/hisao/whooper/internal/tui/views/dashboard.go:198.43,200.12 2 0
git.infra.hisao.org/hisao/whooper/internal/tui/views/dashboard.go:200.12,202.3 1 0
git.infra.hisao.org/hisao/whooper/internal/tui/views/dashboard.go:203.2,203.12 1 0
git.infra.hisao.org/hisao/whooper/internal/tui/views/dashboard.go:203.12,205.3 1 0
git.infra.hisao.org/hisao/whooper/internal/tui/views/dashboard.go:206.2,206.10 1 0
git.infra.hisao.org/hisao/whooper/internal/tui/views/recovery.go:27.46,29.2 1 0
git.infra.hisao.org/hisao/whooper/internal/tui/views/recovery.go:36.40,38.2 1 0
git.infra.hisao.org/hisao/whooper/internal/tui/views/recovery.go:40.43,43.24 3 0
git.infra.hisao.org/hisao/whooper/internal/tui/views/recovery.go:43.24,48.3 4 0
git.infra.hisao.org/hisao/whooper/internal/tui/views/recovery.go:51.66,52.27 1 0
git.infra.hisao.org/hisao/whooper/internal/tui/views/recovery.go:53.23,54.21 1 0
git.infra.hisao.org/hisao/whooper/internal/tui/views/recovery.go:54.21,56.4 1 0
git.infra.hisao.org/hisao/whooper/internal/tui/views/recovery.go:56.9,58.4 1 0
git.infra.hisao.org/hisao/whooper/internal/tui/views/recovery.go:59.3,61.16 3 0
git.infra.hisao.org/hisao/whooper/internal/tui/views/recovery.go:62.25,63.22 1 0
git.infra.hisao.org/hisao/whooper/internal/tui/views/recovery.go:64.18,65.23 1 0
git.infra.hisao.org/hisao/whooper/internal/tui/views/recovery.go:66.20,67.22 1 0
git.infra.hisao.org/hisao/whooper/internal/tui/views/recovery.go:67.22,70.5 2 0
git.infra.hisao.org/hisao/whooper/internal/tui/views/recovery.go:71.21,72.42 1 0
git.infra.hisao.org/hisao/whooper/internal/tui/views/recovery.go:72.42,75.5 2 0
git.infra.hisao.org/hisao/whooper/internal/tui/views/recovery.go:78.2,78.15 1 0
git.infra.hisao.org/hisao/whooper/internal/tui/views/recovery.go:81.39,82.15 1 0
git.infra.hisao.org/hisao/whooper/internal/tui/views/recovery.go:82.15,84.3 1 0
git.infra.hisao.org/hisao/whooper/internal/tui/views/recovery.go:86.2,93.17 6 0
git.infra.hisao.org/hisao/whooper/internal/tui/views/recovery.go:93.17,95.3 1 0
git.infra.hisao.org/hisao/whooper/internal/tui/views/recovery.go:97.2,97.22 1 0
git.infra.hisao.org/hisao/whooper/internal/tui/views/recovery.go:97.22,100.3 2 0
git.infra.hisao.org/hisao/whooper/internal/tui/views/recovery.go:102.2,103.27 2 0
git.infra.hisao.org/hisao/whooper/internal/tui/views/recovery.go:103.27,107.3 3 0
git.infra.hisao.org/hisao/whooper/internal/tui/views/recovery.go:109.2,124.20 8 0
git.infra.hisao.org/hisao/whooper/internal/tui/views/recovery.go:124.20,129.3 2 0
git.infra.hisao.org/hisao/whooper/internal/tui/views/recovery.go:131.2,136.20 3 0
git.infra.hisao.org/hisao/whooper/internal/tui/views/recovery.go:136.20,141.3 2 0
git.infra.hisao.org/hisao/whooper/internal/tui/views/recovery.go:143.2,148.58 3 0
git.infra.hisao.org/hisao/whooper/internal/tui/views/recovery.go:151.42,153.12 2 0
git.infra.hisao.org/hisao/whooper/internal/tui/views/recovery.go:153.12,155.3 1 0
git.infra.hisao.org/hisao/whooper/internal/tui/views/recovery.go:156.2,156.12 1 0
git.infra.hisao.org/hisao/whooper/internal/tui/views/recovery.go:156.12,158.3 1 0
git.infra.hisao.org/hisao/whooper/internal/tui/views/recovery.go:159.2,159.10 1 0
git.infra.hisao.org/hisao/whooper/internal/tui/views/sleep.go:29.40,31.2 1 0
git.infra.hisao.org/hisao/whooper/internal/tui/views/sleep.go:39.37,41.2 1 0
git.infra.hisao.org/hisao/whooper/internal/tui/views/sleep.go:43.40,46.24 3 0
git.infra.hisao.org/hisao/whooper/internal/tui/views/sleep.go:46.24,53.17 6 0
git.infra.hisao.org/hisao/whooper/internal/tui/views/sleep.go:53.17,55.4 1 0
git.infra.hisao.org/hisao/whooper/internal/tui/views/sleep.go:56.3,59.17 3 0
git.infra.hisao.org/hisao/whooper/internal/tui/views/sleep.go:59.17,61.4 1 0
git.infra.hisao.org/hisao/whooper/internal/tui/views/sleep.go:62.3,64.20 2 0
git.infra.hisao.org/hisao/whooper/internal/tui/views/sleep.go:64.20,66.4 1 0
git.infra.hisao.org/hisao/whooper/internal/tui/views/sleep.go:67.3,67.13 1 0
git.infra.hisao.org/hisao/whooper/internal/tui/views/sleep.go:71.63,72.27 1 0
git.infra.hisao.org/hisao/whooper/internal/tui/views/sleep.go:73.20,78.16 5 0
git.infra.hisao.org/hisao/whooper/internal/tui/views/sleep.go:79.25,80.22 1 0
git.infra.hisao.org/hisao/whooper/internal/tui/views/sleep.go:81.18,82.23 1 0
git.infra.hisao.org/hisao/whooper/internal/tui/views/sleep.go:83.20,84.22 1 0
git.infra.hisao.org/hisao/whooper/internal/tui/views/sleep.go:84.22,87.5 2 0
git.infra.hisao.org/hisao/whooper/internal/tui/views/sleep.go:88.21,89.39 1 0
git.infra.hisao.org/hisao/whooper/internal/tui/views/sleep.go:89.39,92.5 2 0
git.infra.hisao.org/hisao/whooper/internal/tui/views/sleep.go:95.2,95.15 1 0
git.infra.hisao.org/hisao/whooper/internal/tui/views/sleep.go:98.36,99.15 1 0
git.infra.hisao.org/hisao/whooper/internal/tui/views/sleep.go:99.15,101.3 1 0
git.infra.hisao.org/hisao/whooper/internal/tui/views/sleep.go:103.2,107.15 5 0
git.infra.hisao.org/hisao/whooper/internal/tui/views/sleep.go:107.15,109.3 1 0
git.infra.hisao.org/hisao/whooper/internal/tui/views/sleep.go:111.2,114.17 3 0
git.infra.hisao.org/hisao/whooper/internal/tui/views/sleep.go:114.17,116.3 1 0
git.infra.hisao.org/hisao/whooper/internal/tui/views/sleep.go:118.2,118.23 1 0
git.infra.hisao.org/hisao/whooper/internal/tui/views/sleep.go:118.23,121.3 2 0
git.infra.hisao.org/hisao/whooper/internal/tui/views/sleep.go:123.2,124.28 2 0
git.infra.hisao.org/hisao/whooper/internal/tui/views/sleep.go:124.28,127.3 2 0
git.infra.hisao.org/hisao/whooper/internal/tui/views/sleep.go:129.2,142.16 7 0
git.infra.hisao.org/hisao/whooper/internal/tui/views/sleep.go:142.16,144.3 1 0
git.infra.hisao.org/hisao/whooper/internal/tui/views/sleep.go:146.2,151.34 5 0
git.infra.hisao.org/hisao/whooper/internal/tui/views/sleep.go:151.34,153.21 2 0
git.infra.hisao.org/hisao/whooper/internal/tui/views/sleep.go:153.21,154.12 1 0
git.infra.hisao.org/hisao/whooper/internal/tui/views/sleep.go:156.3,158.17 3 0
git.infra.hisao.org/hisao/whooper/internal/tui/views/sleep.go:158.17,159.12 1 0
git.infra.hisao.org/hisao/whooper/internal/tui/views/sleep.go:162.3,177.36 10 0
git.infra.hisao.org/hisao/whooper/internal/tui/views/sleep.go:180.2,186.51 2 0
git.infra.hisao.org/hisao/whooper/internal/tui/views/sleep.go:186.51,194.3 5 0
git.infra.hisao.org/hisao/whooper/internal/tui/views/sleep.go:196.2,196.58 1 0
git.infra.hisao.org/hisao/whooper/internal/tui/views/sleep.go:199.39,201.12 2 0
git.infra.hisao.org/hisao/whooper/internal/tui/views/sleep.go:201.12,203.3 1 0
git.infra.hisao.org/hisao/whooper/internal/tui/views/sleep.go:204.2,204.12 1 0
git.infra.hisao.org/hisao/whooper/internal/tui/views/sleep.go:204.12,206.3 1 0
git.infra.hisao.org/hisao/whooper/internal/tui/views/sleep.go:207.2,207.10 1 0
git.infra.hisao.org/hisao/whooper/internal/tui/views/workouts.go:29.46,31.2 1 0
git.infra.hisao.org/hisao/whooper/internal/tui/views/workouts.go:38.40,40.2 1 0
git.infra.hisao.org/hisao/whooper/internal/tui/views/workouts.go:42.43,45.24 3 0
git.infra.hisao.org/hisao/whooper/internal/tui/views/workouts.go:45.24,50.3 4 0
git.infra.hisao.org/hisao/whooper/internal/tui/views/workouts.go:53.66,54.27 1 0
git.infra.hisao.org/hisao/whooper/internal/tui/views/workouts.go:55.23,56.21 1 0
git.infra.hisao.org/hisao/whooper/internal/tui/views/workouts.go:56.21,58.4 1 0
git.infra.hisao.org/hisao/whooper/internal/tui/views/workouts.go:58.9,60.4 1 0
git.infra.hisao.org/hisao/whooper/internal/tui/views/workouts.go:61.3,65.16 5 0
git.infra.hisao.org/hisao/whooper/internal/tui/views/workouts.go:66.25,67.22 1 0
git.infra.hisao.org/hisao/whooper/internal/tui/views/workouts.go:68.18,69.23 1 0
git.infra.hisao.org/hisao/whooper/internal/tui/views/workouts.go:70.18,71.20 1 0
git.infra.hisao.org/hisao/whooper/internal/tui/views/workouts.go:71.20,73.5 1 0
git.infra.hisao.org/hisao/whooper/internal/tui/views/workouts.go:74.20,75.36 1 0
git.infra.hisao.org/hisao/whooper/internal/tui/views/workouts.go:75.36,77.5 1 0
git.infra.hisao.org/hisao/whooper/internal/tui/views/workouts.go:78.16,79.24 1 0
git.infra.hisao.org/hisao/whooper/internal/tui/views/workouts.go:80.20,81.22 1 0
git.infra.hisao.org/hisao/whooper/internal/tui/views/workouts.go:81.22,84.5 2 0
git.infra.hisao.org/hisao/whooper/internal/tui/views/workouts.go:85.21,86.41 1 0
git.infra.hisao.org/hisao/whooper/internal/tui/views/workouts.go:86.41,89.5 2 0
git.infra.hisao.org/hisao/whooper/internal/tui/views/workouts.go:90.14,91.20 1 0
git.infra.hisao.org/hisao/whooper/internal/tui/views/workouts.go:94.2,94.15 1 0
git.infra.hisao.org/hisao/whooper/internal/tui/views/workouts.go:97.39,98.15 1 0
git.infra.hisao.org/hisao/whooper/internal/tui/views/workouts.go:98.15,100.3 1 0
git.infra.hisao.org/hisao/whooper/internal/tui/views/workouts.go:102.2,108.17 5 0
git.infra.hisao.org/hisao/whooper/internal/tui/views/workouts.go:108.17,110.3 1 0
git.infra.hisao.org/hisao/whooper/internal/tui/views/workouts.go:112.2,112.26 1 0
git.infra.hisao.org/hisao/whooper/internal/tui/views/workouts.go:112.26,115.3 2 0
git.infra.hisao.org/hisao/whooper/internal/tui/views/workouts.go:117.2,117.44 1 0
git.infra.hisao.org/hisao/whooper/internal/tui/views/workouts.go:117.44,119.3 1 0
git.infra.hisao.org/hisao/whooper/internal/tui/views/workouts.go:122.2,123.18 2 0
git.infra.hisao.org/hisao/whooper/internal/tui/views/workouts.go:123.18,125.3 1 0
git.infra.hisao.org/hisao/whooper/internal/tui/views/workouts.go:126.2,130.31 4 0
git.infra.hisao.org/hisao/whooper/internal/tui/views/workouts.go:130.31,132.18 2 0
git.infra.hisao.org/hisao/whooper/internal/tui/views/workouts.go:132.18,134.4 1 0
git.infra.hisao.org/hisao/whooper/internal/tui/views/workouts.go:135.3,136.21 2 0
git.infra.hisao.org/hisao/whooper/internal/tui/views/workouts.go:136.21,140.4 3 0
git.infra.hisao.org/hisao/whooper/internal/tui/views/workouts.go:141.3,145.5 3 0
git.infra.hisao.org/hisao/whooper/internal/tui/views/workouts.go:148.2,151.58 4 0
git.infra.hisao.org/hisao/whooper/internal/tui/views/workouts.go:154.45,157.17 3 0
git.infra.hisao.org/hisao/whooper/internal/tui/views/workouts.go:157.17,159.3 1 0
git.infra.hisao.org/hisao/whooper/internal/tui/views/workouts.go:161.2,167.20 6 0
git.infra.hisao.org/hisao/whooper/internal/tui/views/workouts.go:167.20,173.26 6 0
git.infra.hisao.org/hisao/whooper/internal/tui/views/workouts.go:173.26,175.4 1 0
git.infra.hisao.org/hisao/whooper/internal/tui/views/workouts.go:176.3,176.28 1 0
git.infra.hisao.org/hisao/whooper/internal/tui/views/workouts.go:176.28,189.21 6 0
git.infra.hisao.org/hisao/whooper/internal/tui/views/workouts.go:189.21,191.5 1 0
git.infra.hisao.org/hisao/whooper/internal/tui/views/workouts.go:192.4,192.59 1 0
git.infra.hisao.org/hisao/whooper/internal/tui/views/workouts.go:196.2,197.55 2 0
git.infra.hisao.org/hisao/whooper/internal/tui/views/workouts.go:200.45,203.32 3 0
git.infra.hisao.org/hisao/whooper/internal/tui/views/workouts.go:203.32,205.3 1 0
git.infra.hisao.org/hisao/whooper/internal/tui/views/workouts.go:206.2,209.41 4 0
